Shak ha entrado al juego. UserIndex:1 08:39:52 p.m. 23/12/2016
SHAK ha dejado el juego. User Index:1 08:40:01 p.m. 23/12/2016
Shak ha entrado al juego. UserIndex:1 08:40:39 p.m. 23/12/2016
SHAK ha dejado el juego. User Index:1 08:40:39 p.m. 23/12/2016
shak ha entrado al juego. UserIndex:1 08:40:44 p.m. 23/12/2016
SHAK ha dejado el juego. User Index:1 08:41:54 p.m. 23/12/2016
shak ha entrado al juego. UserIndex:1 08:41:59 p.m. 23/12/2016
SHAK ha dejado el juego. User Index:1 08:42:24 p.m. 23/12/2016
shak ha entrado al juego. UserIndex:1 08:42:46 p.m. 23/12/2016
SHAK ha dejado el juego. User Index:1 08:42:56 p.m. 23/12/2016
shak ha entrado al juego. UserIndex:1 08:43:01 p.m. 23/12/2016
SHAK ha dejado el juego. User Index:1 08:43:05 p.m. 23/12/2016
shak ha entrado al juego. UserIndex:1 08:44:03 p.m. 23/12/2016
SHAK ha dejado el juego. User Index:1 08:44:20 p.m. 23/12/2016
shak ha entrado al juego. UserIndex:1 08:50:53 p.m. 23/12/2016
SHAK ha dejado el juego. User Index:1 08:51:07 p.m. 23/12/2016
shak ha entrado al juego. UserIndex:1 08:52:44 p.m. 23/12/2016
SHAK ha dejado el juego. User Index:1 08:54:24 p.m. 23/12/2016
shak ha entrado al juego. UserIndex:1 08:55:48 p.m. 23/12/2016
jorge ha entrado al juego. UserIndex:2 08:56:11 p.m. 23/12/2016
JORGE ha dejado el juego. User Index:2 08:57:29 p.m. 23/12/2016
jorge ha entrado al juego. UserIndex:2 08:57:40 p.m. 23/12/2016
JORGE ha dejado el juego. User Index:2 08:58:02 p.m. 23/12/2016
jorge ha entrado al juego. UserIndex:2 08:58:40 p.m. 23/12/2016
SHAK ha dejado el juego. User Index:1 08:59:05 p.m. 23/12/2016
shak ha entrado al juego. UserIndex:1 08:59:07 p.m. 23/12/2016
SHAK ha dejado el juego. User Index:1 08:59:42 p.m. 23/12/2016
jorge ha entrado al juego. UserIndex:1 09:01:46 p.m. 23/12/2016
SHAK ha entrado al juego. UserIndex:1 09:23:25 p.m. 23/12/2016
SHAK ha dejado el juego. User Index:1 09:23:28 p.m. 23/12/2016
shak ha entrado al juego. UserIndex:1 09:23:34 p.m. 23/12/2016
SHAK ha dejado el juego. User Index:1 09:23:58 p.m. 23/12/2016
shak ha entrado al juego. UserIndex:1 09:26:16 p.m. 23/12/2016
SHAK ha dejado el juego. User Index:1 09:26:19 p.m. 23/12/2016
shak ha entrado al juego. UserIndex:1 09:28:26 p.m. 23/12/2016
SHAK ha dejado el juego. User Index:1 09:28:52 p.m. 23/12/2016
shak ha entrado al juego. UserIndex:1 09:29:10 p.m. 23/12/2016
SHAK ha dejado el juego. User Index:1 09:29:21 p.m. 23/12/2016
SHAK ha entrado al juego. UserIndex:1 05:40:50 p.m. 28/12/2016
SHAK ha dejado el juego. User Index:1 05:41:15 p.m. 28/12/2016
