08/12/2013 07:12:27 p.m. gs /CI: [537]Invocar Elemental de Agua en mapa 2 (29,92)
08/12/2013 07:12:28 p.m. gs juntó del piso 100 Invocar Elemental de Agua Mapa: 2 X: 29 Y: 91
08/12/2013 07:13:06 p.m. gs paso a nivel 33 gano HP: 6
08/12/2013 07:13:06 p.m. gs paso a nivel 34 gano HP: 7
08/12/2013 07:13:06 p.m. gs paso a nivel 35 gano HP: 6
08/12/2013 07:13:06 p.m. gs paso a nivel 36 gano HP: 6
08/12/2013 07:13:06 p.m. gs paso a nivel 37 gano HP: 6
08/12/2013 07:13:06 p.m. gs paso a nivel 38 gano HP: 4
08/12/2013 07:13:06 p.m. gs paso a nivel 39 gano HP: 5
08/12/2013 07:13:06 p.m. gs paso a nivel 40 gano HP: 7
08/12/2013 07:13:07 p.m. gs paso a nivel 41 gano HP: 4
08/12/2013 07:13:07 p.m. gs paso a nivel 42 gano HP: 6
08/12/2013 07:13:07 p.m. gs paso a nivel 43 gano HP: 6
08/12/2013 07:13:08 p.m. gs paso a nivel 44 gano HP: 6
08/12/2013 07:13:09 p.m. gs paso a nivel 45 gano HP: 6
08/12/2013 07:13:10 p.m. gs paso a nivel 46 gano HP: 7
08/12/2013 07:13:11 p.m. gs paso a nivel 47 gano HP: 5
08/12/2013 07:13:15 p.m. gs paso a nivel 48 gano HP: 6
08/12/2013 07:13:57 p.m. gs /CI: [537]Invocar Elemental de Agua en mapa 2 (24,87)
08/12/2013 07:13:57 p.m. gs juntó del piso 100 Invocar Elemental de Agua Mapa: 2 X: 24 Y: 86
08/12/2013 07:14:22 p.m. gs compró del NPC 1 Descarga Eléctrica
09/12/2013 12:55:44 p.m. SHAK tiró al piso 199 Invocar Elemental de Agua Mapa: 73 X: 27 Y: 73
09/12/2013 12:55:46 p.m. SHAK tiró al piso 10000 Minerales de Oro Mapa: 73 X: 24 Y: 75
09/12/2013 12:55:54 p.m. SHAK tiró al piso 10000 Minerales de Oro Mapa: 73 X: 26 Y: 76
09/12/2013 12:55:55 p.m. SHAK tiró al piso 10000 Minerales de Plata Mapa: 73 X: 27 Y: 76
