20/11/2013 02:48:09 p.m. Error cargando mapa: 291 - Pos: 0,0.El subíndice está fuera del intervalo
06/12/2013 11:11:27 a.m. Error cargando mapa: 291 - Pos: 0,0.El subíndice está fuera del intervalo
06/12/2013 11:24:21 a.m. Error cargando mapa: 291 - Pos: 0,0.El subíndice está fuera del intervalo
06/12/2013 11:27:05 a.m. Error cargando mapa: 291 - Pos: 0,0.El subíndice está fuera del intervalo
06/12/2013 01:12:32 p.m. Error cargando mapa: 291 - Pos: 0,0.El subíndice está fuera del intervalo
06/12/2013 01:50:53 p.m. Error cargando mapa: 291 - Pos: 0,0.El subíndice está fuera del intervalo
06/12/2013 01:50:55 p.m. SexoPuedeUsarItem
06/12/2013 01:50:55 p.m. SexoPuedeUsarItem
06/12/2013 01:50:55 p.m. SexoPuedeUsarItem
06/12/2013 01:50:55 p.m. SexoPuedeUsarItem
06/12/2013 01:50:55 p.m. SexoPuedeUsarItem
06/12/2013 01:50:55 p.m. SexoPuedeUsarItem
06/12/2013 01:50:55 p.m. SexoPuedeUsarItem
06/12/2013 01:50:55 p.m. SexoPuedeUsarItem
06/12/2013 01:50:55 p.m. SexoPuedeUsarItem
06/12/2013 01:50:55 p.m. SexoPuedeUsarItem
06/12/2013 01:50:55 p.m. SexoPuedeUsarItem
06/12/2013 01:51:02 p.m. SexoPuedeUsarItem
06/12/2013 01:51:02 p.m. SexoPuedeUsarItem
06/12/2013 01:51:02 p.m. SexoPuedeUsarItem
06/12/2013 01:51:02 p.m. SexoPuedeUsarItem
06/12/2013 01:51:02 p.m. SexoPuedeUsarItem
06/12/2013 01:51:02 p.m. SexoPuedeUsarItem
06/12/2013 01:51:02 p.m. SexoPuedeUsarItem
06/12/2013 01:51:02 p.m. SexoPuedeUsarItem
06/12/2013 01:51:02 p.m. SexoPuedeUsarItem
06/12/2013 01:51:02 p.m. SexoPuedeUsarItem
06/12/2013 01:51:02 p.m. SexoPuedeUsarItem
06/12/2013 01:51:21 p.m. SexoPuedeUsarItem
06/12/2013 01:51:21 p.m. SexoPuedeUsarItem
06/12/2013 01:51:21 p.m. SexoPuedeUsarItem
06/12/2013 01:51:21 p.m. SexoPuedeUsarItem
06/12/2013 01:51:21 p.m. SexoPuedeUsarItem
06/12/2013 01:51:21 p.m. SexoPuedeUsarItem
06/12/2013 01:51:21 p.m. SexoPuedeUsarItem
06/12/2013 01:51:21 p.m. SexoPuedeUsarItem
06/12/2013 01:51:21 p.m. SexoPuedeUsarItem
06/12/2013 01:51:21 p.m. SexoPuedeUsarItem
06/12/2013 01:51:21 p.m. SexoPuedeUsarItem
06/12/2013 01:51:37 p.m. SexoPuedeUsarItem
06/12/2013 01:51:37 p.m. SexoPuedeUsarItem
06/12/2013 01:51:37 p.m. SexoPuedeUsarItem
06/12/2013 01:51:37 p.m. SexoPuedeUsarItem
06/12/2013 01:51:37 p.m. SexoPuedeUsarItem
06/12/2013 01:51:37 p.m. SexoPuedeUsarItem
06/12/2013 01:51:37 p.m. SexoPuedeUsarItem
06/12/2013 01:51:37 p.m. SexoPuedeUsarItem
06/12/2013 01:51:37 p.m. SexoPuedeUsarItem
06/12/2013 01:51:37 p.m. SexoPuedeUsarItem
06/12/2013 01:51:37 p.m. SexoPuedeUsarItem
06/12/2013 01:51:37 p.m. SexoPuedeUsarItem
06/12/2013 01:51:37 p.m. SexoPuedeUsarItem
06/12/2013 01:51:37 p.m. SexoPuedeUsarItem
06/12/2013 01:51:49 p.m. SexoPuedeUsarItem
06/12/2013 01:51:49 p.m. SexoPuedeUsarItem
06/12/2013 01:51:49 p.m. SexoPuedeUsarItem
06/12/2013 01:51:49 p.m. SexoPuedeUsarItem
06/12/2013 01:51:49 p.m. SexoPuedeUsarItem
06/12/2013 01:51:49 p.m. SexoPuedeUsarItem
06/12/2013 01:51:49 p.m. SexoPuedeUsarItem
06/12/2013 01:51:49 p.m. SexoPuedeUsarItem
06/12/2013 01:51:49 p.m. SexoPuedeUsarItem
06/12/2013 01:51:49 p.m. SexoPuedeUsarItem
06/12/2013 01:51:49 p.m. SexoPuedeUsarItem
06/12/2013 01:51:49 p.m. SexoPuedeUsarItem
06/12/2013 01:51:49 p.m. SexoPuedeUsarItem
06/12/2013 01:51:49 p.m. SexoPuedeUsarItem
06/12/2013 01:52:00 p.m. SexoPuedeUsarItem
06/12/2013 01:52:00 p.m. SexoPuedeUsarItem
06/12/2013 01:52:00 p.m. SexoPuedeUsarItem
06/12/2013 01:52:00 p.m. SexoPuedeUsarItem
06/12/2013 01:52:00 p.m. SexoPuedeUsarItem
06/12/2013 01:52:00 p.m. SexoPuedeUsarItem
06/12/2013 01:52:00 p.m. SexoPuedeUsarItem
06/12/2013 01:52:00 p.m. SexoPuedeUsarItem
06/12/2013 01:52:00 p.m. SexoPuedeUsarItem
06/12/2013 01:52:00 p.m. SexoPuedeUsarItem
06/12/2013 01:52:00 p.m. SexoPuedeUsarItem
06/12/2013 01:52:00 p.m. SexoPuedeUsarItem
06/12/2013 01:52:00 p.m. SexoPuedeUsarItem
06/12/2013 01:52:00 p.m. SexoPuedeUsarItem
06/12/2013 01:52:41 p.m. SexoPuedeUsarItem
06/12/2013 01:52:41 p.m. SexoPuedeUsarItem
06/12/2013 01:52:41 p.m. SexoPuedeUsarItem
06/12/2013 01:52:41 p.m. SexoPuedeUsarItem
06/12/2013 01:52:41 p.m. SexoPuedeUsarItem
06/12/2013 01:52:41 p.m. SexoPuedeUsarItem
06/12/2013 01:52:41 p.m. SexoPuedeUsarItem
06/12/2013 01:52:41 p.m. SexoPuedeUsarItem
06/12/2013 01:52:41 p.m. SexoPuedeUsarItem
06/12/2013 01:52:41 p.m. SexoPuedeUsarItem
06/12/2013 01:52:41 p.m. SexoPuedeUsarItem
06/12/2013 01:52:52 p.m. SexoPuedeUsarItem
06/12/2013 01:52:52 p.m. SexoPuedeUsarItem
06/12/2013 01:52:52 p.m. SexoPuedeUsarItem
06/12/2013 01:52:52 p.m. SexoPuedeUsarItem
06/12/2013 01:52:52 p.m. SexoPuedeUsarItem
06/12/2013 01:52:52 p.m. SexoPuedeUsarItem
06/12/2013 01:52:52 p.m. SexoPuedeUsarItem
06/12/2013 01:52:52 p.m. SexoPuedeUsarItem
06/12/2013 01:52:52 p.m. SexoPuedeUsarItem
06/12/2013 01:52:52 p.m. SexoPuedeUsarItem
06/12/2013 01:52:52 p.m. SexoPuedeUsarItem
06/12/2013 01:52:57 p.m. SexoPuedeUsarItem
06/12/2013 01:52:57 p.m. SexoPuedeUsarItem
06/12/2013 01:52:57 p.m. SexoPuedeUsarItem
06/12/2013 01:52:57 p.m. SexoPuedeUsarItem
06/12/2013 01:52:57 p.m. SexoPuedeUsarItem
06/12/2013 01:52:57 p.m. SexoPuedeUsarItem
06/12/2013 01:52:57 p.m. SexoPuedeUsarItem
06/12/2013 01:52:57 p.m. SexoPuedeUsarItem
06/12/2013 01:52:57 p.m. SexoPuedeUsarItem
06/12/2013 01:52:57 p.m. SexoPuedeUsarItem
06/12/2013 01:52:57 p.m. SexoPuedeUsarItem
06/12/2013 01:53:05 p.m. SexoPuedeUsarItem
06/12/2013 01:53:05 p.m. SexoPuedeUsarItem
06/12/2013 01:53:05 p.m. SexoPuedeUsarItem
06/12/2013 01:53:05 p.m. SexoPuedeUsarItem
06/12/2013 01:53:05 p.m. SexoPuedeUsarItem
06/12/2013 01:53:05 p.m. SexoPuedeUsarItem
06/12/2013 01:53:05 p.m. SexoPuedeUsarItem
06/12/2013 01:53:05 p.m. SexoPuedeUsarItem
06/12/2013 01:53:05 p.m. SexoPuedeUsarItem
06/12/2013 01:53:05 p.m. SexoPuedeUsarItem
06/12/2013 01:53:05 p.m. SexoPuedeUsarItem
06/12/2013 01:53:05 p.m. SexoPuedeUsarItem
06/12/2013 01:53:05 p.m. SexoPuedeUsarItem
06/12/2013 01:53:05 p.m. SexoPuedeUsarItem
06/12/2013 01:53:35 p.m. SexoPuedeUsarItem
06/12/2013 01:53:35 p.m. SexoPuedeUsarItem
06/12/2013 01:53:35 p.m. SexoPuedeUsarItem
06/12/2013 01:53:35 p.m. SexoPuedeUsarItem
06/12/2013 01:53:35 p.m. SexoPuedeUsarItem
06/12/2013 01:53:35 p.m. SexoPuedeUsarItem
06/12/2013 01:53:35 p.m. SexoPuedeUsarItem
06/12/2013 01:53:35 p.m. SexoPuedeUsarItem
06/12/2013 01:53:35 p.m. SexoPuedeUsarItem
06/12/2013 01:53:35 p.m. SexoPuedeUsarItem
06/12/2013 01:53:35 p.m. SexoPuedeUsarItem
06/12/2013 01:53:56 p.m. SexoPuedeUsarItem
06/12/2013 01:53:56 p.m. SexoPuedeUsarItem
06/12/2013 01:53:56 p.m. SexoPuedeUsarItem
06/12/2013 01:53:56 p.m. SexoPuedeUsarItem
06/12/2013 01:53:56 p.m. SexoPuedeUsarItem
06/12/2013 01:53:56 p.m. SexoPuedeUsarItem
06/12/2013 01:53:56 p.m. SexoPuedeUsarItem
06/12/2013 01:53:56 p.m. SexoPuedeUsarItem
06/12/2013 01:53:56 p.m. SexoPuedeUsarItem
06/12/2013 01:53:56 p.m. SexoPuedeUsarItem
06/12/2013 01:53:56 p.m. SexoPuedeUsarItem
06/12/2013 01:53:56 p.m. SexoPuedeUsarItem
06/12/2013 01:53:56 p.m. SexoPuedeUsarItem
06/12/2013 01:53:56 p.m. SexoPuedeUsarItem
06/12/2013 01:55:29 p.m. SexoPuedeUsarItem
06/12/2013 01:55:29 p.m. SexoPuedeUsarItem
06/12/2013 01:55:29 p.m. SexoPuedeUsarItem
06/12/2013 01:55:29 p.m. SexoPuedeUsarItem
06/12/2013 01:55:29 p.m. SexoPuedeUsarItem
06/12/2013 01:55:29 p.m. SexoPuedeUsarItem
06/12/2013 01:55:29 p.m. SexoPuedeUsarItem
06/12/2013 01:55:29 p.m. SexoPuedeUsarItem
06/12/2013 01:55:29 p.m. SexoPuedeUsarItem
06/12/2013 01:55:29 p.m. SexoPuedeUsarItem
06/12/2013 01:55:29 p.m. SexoPuedeUsarItem
06/12/2013 01:55:42 p.m. SexoPuedeUsarItem
06/12/2013 01:55:42 p.m. SexoPuedeUsarItem
06/12/2013 01:55:42 p.m. SexoPuedeUsarItem
06/12/2013 01:55:42 p.m. SexoPuedeUsarItem
06/12/2013 01:55:42 p.m. SexoPuedeUsarItem
06/12/2013 01:55:42 p.m. SexoPuedeUsarItem
06/12/2013 01:55:42 p.m. SexoPuedeUsarItem
06/12/2013 01:55:42 p.m. SexoPuedeUsarItem
06/12/2013 01:55:42 p.m. SexoPuedeUsarItem
06/12/2013 01:55:42 p.m. SexoPuedeUsarItem
06/12/2013 01:55:42 p.m. SexoPuedeUsarItem
06/12/2013 01:55:42 p.m. SexoPuedeUsarItem
06/12/2013 01:55:42 p.m. SexoPuedeUsarItem
06/12/2013 01:56:28 p.m. SexoPuedeUsarItem
06/12/2013 01:56:28 p.m. SexoPuedeUsarItem
06/12/2013 01:56:28 p.m. SexoPuedeUsarItem
06/12/2013 01:56:28 p.m. SexoPuedeUsarItem
06/12/2013 01:56:28 p.m. SexoPuedeUsarItem
06/12/2013 01:56:28 p.m. SexoPuedeUsarItem
06/12/2013 01:56:28 p.m. SexoPuedeUsarItem
06/12/2013 01:56:28 p.m. SexoPuedeUsarItem
06/12/2013 01:56:28 p.m. SexoPuedeUsarItem
06/12/2013 01:56:28 p.m. SexoPuedeUsarItem
06/12/2013 01:56:28 p.m. SexoPuedeUsarItem
06/12/2013 01:56:34 p.m. SexoPuedeUsarItem
06/12/2013 01:56:34 p.m. SexoPuedeUsarItem
06/12/2013 01:56:34 p.m. SexoPuedeUsarItem
06/12/2013 01:56:34 p.m. SexoPuedeUsarItem
06/12/2013 01:56:34 p.m. SexoPuedeUsarItem
06/12/2013 01:56:34 p.m. SexoPuedeUsarItem
06/12/2013 01:56:34 p.m. SexoPuedeUsarItem
06/12/2013 01:56:34 p.m. SexoPuedeUsarItem
06/12/2013 01:56:34 p.m. SexoPuedeUsarItem
06/12/2013 01:56:34 p.m. SexoPuedeUsarItem
06/12/2013 01:56:34 p.m. SexoPuedeUsarItem
06/12/2013 01:56:40 p.m. SexoPuedeUsarItem
06/12/2013 01:56:40 p.m. SexoPuedeUsarItem
06/12/2013 01:56:40 p.m. SexoPuedeUsarItem
06/12/2013 01:56:40 p.m. SexoPuedeUsarItem
06/12/2013 01:56:40 p.m. SexoPuedeUsarItem
06/12/2013 01:56:40 p.m. SexoPuedeUsarItem
06/12/2013 01:56:40 p.m. SexoPuedeUsarItem
06/12/2013 01:56:40 p.m. SexoPuedeUsarItem
06/12/2013 01:56:40 p.m. SexoPuedeUsarItem
06/12/2013 01:56:40 p.m. SexoPuedeUsarItem
06/12/2013 01:56:40 p.m. SexoPuedeUsarItem
06/12/2013 01:56:40 p.m. SexoPuedeUsarItem
06/12/2013 01:56:40 p.m. SexoPuedeUsarItem
06/12/2013 01:58:31 p.m. Error cargando mapa: 291 - Pos: 0,0.El subíndice está fuera del intervalo
06/12/2013 01:58:40 p.m. SexoPuedeUsarItem
06/12/2013 01:58:40 p.m. SexoPuedeUsarItem
06/12/2013 01:58:40 p.m. SexoPuedeUsarItem
06/12/2013 01:58:40 p.m. SexoPuedeUsarItem
06/12/2013 01:58:40 p.m. SexoPuedeUsarItem
06/12/2013 01:58:40 p.m. SexoPuedeUsarItem
06/12/2013 01:58:40 p.m. SexoPuedeUsarItem
06/12/2013 01:58:40 p.m. SexoPuedeUsarItem
06/12/2013 01:58:40 p.m. SexoPuedeUsarItem
06/12/2013 01:58:40 p.m. SexoPuedeUsarItem
06/12/2013 01:58:40 p.m. SexoPuedeUsarItem
06/12/2013 01:58:40 p.m. SexoPuedeUsarItem
06/12/2013 01:58:40 p.m. SexoPuedeUsarItem
06/12/2013 02:01:29 p.m. Error cargando mapa: 291 - Pos: 0,0.El subíndice está fuera del intervalo
07/12/2013 04:24:10 p.m. Error cargando mapa: 291 - Pos: 0,0.El subíndice está fuera del intervalo
08/12/2013 07:11:26 p.m. Error cargando mapa: 291 - Pos: 0,0.El subíndice está fuera del intervalo
08/12/2013 07:49:25 p.m. Error cargando mapa: 291 - Pos: 0,0.El subíndice está fuera del intervalo
08/12/2013 08:47:17 p.m. Error cargando mapa: 291 - Pos: 0,0.El subíndice está fuera del intervalo
09/12/2013 11:58:17 a.m. Error cargando mapa: 291 - Pos: 0,0.El subíndice está fuera del intervalo
09/12/2013 12:49:55 p.m. Error cargando mapa: 291 - Pos: 0,0.El subíndice está fuera del intervalo
09/12/2013 12:58:51 p.m. Error cargando mapa: 291 - Pos: 0,0.El subíndice está fuera del intervalo
23/12/2016 08:29:02 p.m. Error cargando mapa: 291 - Pos: 0,0.El subíndice está fuera del intervalo
23/12/2016 08:40:24 p.m. Error cargando mapa: 291 - Pos: 0,0.El subíndice está fuera del intervalo
23/12/2016 08:50:38 p.m. Error cargando mapa: 291 - Pos: 0,0.El subíndice está fuera del intervalo
23/12/2016 08:50:46 p.m. Error cargando mapa: 291 - Pos: 0,0.El subíndice está fuera del intervalo
23/12/2016 08:50:54 p.m. Error en PasarSegundo. Err: El subíndice está fuera del intervalo - 9 - UserIndex: 1
23/12/2016 08:50:54 p.m. Error en PasarSegundo. Err: El subíndice está fuera del intervalo - 9 - UserIndex: 1
23/12/2016 08:50:54 p.m. Error en PasarSegundo. Err: El subíndice está fuera del intervalo - 9 - UserIndex: 1
23/12/2016 08:50:54 p.m. Error en PasarSegundo. Err: El subíndice está fuera del intervalo - 9 - UserIndex: 1
23/12/2016 08:50:54 p.m. Error en PasarSegundo. Err: Desbordamiento - 6 - UserIndex: 1
23/12/2016 08:50:55 p.m. Error en PasarSegundo. Err: El subíndice está fuera del intervalo - 9 - UserIndex: 1
23/12/2016 08:50:55 p.m. Error en PasarSegundo. Err: El subíndice está fuera del intervalo - 9 - UserIndex: 1
23/12/2016 08:50:55 p.m. Error en PasarSegundo. Err: El subíndice está fuera del intervalo - 9 - UserIndex: 1
23/12/2016 08:50:55 p.m. Error en PasarSegundo. Err: El subíndice está fuera del intervalo - 9 - UserIndex: 1
23/12/2016 08:50:55 p.m. Error en PasarSegundo. Err: Desbordamiento - 6 - UserIndex: 1
23/12/2016 08:50:56 p.m. Error en PasarSegundo. Err: El subíndice está fuera del intervalo - 9 - UserIndex: 1
23/12/2016 08:50:56 p.m. Error en PasarSegundo. Err: El subíndice está fuera del intervalo - 9 - UserIndex: 1
23/12/2016 08:50:56 p.m. Error en PasarSegundo. Err: El subíndice está fuera del intervalo - 9 - UserIndex: 1
23/12/2016 08:50:56 p.m. Error en PasarSegundo. Err: El subíndice está fuera del intervalo - 9 - UserIndex: 1
23/12/2016 08:50:56 p.m. Error en PasarSegundo. Err: Desbordamiento - 6 - UserIndex: 1
23/12/2016 08:50:57 p.m. Error en PasarSegundo. Err: El subíndice está fuera del intervalo - 9 - UserIndex: 1
23/12/2016 08:50:57 p.m. Error en PasarSegundo. Err: El subíndice está fuera del intervalo - 9 - UserIndex: 1
23/12/2016 08:50:57 p.m. Error en PasarSegundo. Err: El subíndice está fuera del intervalo - 9 - UserIndex: 1
23/12/2016 08:50:57 p.m. Error en PasarSegundo. Err: El subíndice está fuera del intervalo - 9 - UserIndex: 1
23/12/2016 08:50:57 p.m. Error en PasarSegundo. Err: Desbordamiento - 6 - UserIndex: 1
23/12/2016 08:50:58 p.m. Error en PasarSegundo. Err: El subíndice está fuera del intervalo - 9 - UserIndex: 1
23/12/2016 08:50:58 p.m. Error en PasarSegundo. Err: El subíndice está fuera del intervalo - 9 - UserIndex: 1
23/12/2016 08:50:58 p.m. Error en PasarSegundo. Err: El subíndice está fuera del intervalo - 9 - UserIndex: 1
23/12/2016 08:50:58 p.m. Error en PasarSegundo. Err: El subíndice está fuera del intervalo - 9 - UserIndex: 1
23/12/2016 08:50:58 p.m. Error en PasarSegundo. Err: Desbordamiento - 6 - UserIndex: 1
23/12/2016 08:50:59 p.m. Error en PasarSegundo. Err: El subíndice está fuera del intervalo - 9 - UserIndex: 1
23/12/2016 08:50:59 p.m. Error en PasarSegundo. Err: El subíndice está fuera del intervalo - 9 - UserIndex: 1
23/12/2016 08:50:59 p.m. Error en PasarSegundo. Err: El subíndice está fuera del intervalo - 9 - UserIndex: 1
23/12/2016 08:50:59 p.m. Error en PasarSegundo. Err: El subíndice está fuera del intervalo - 9 - UserIndex: 1
23/12/2016 08:50:59 p.m. Error en PasarSegundo. Err: Desbordamiento - 6 - UserIndex: 1
23/12/2016 08:51:00 p.m. Error en PasarSegundo. Err: El subíndice está fuera del intervalo - 9 - UserIndex: 1
23/12/2016 08:51:00 p.m. Error en PasarSegundo. Err: El subíndice está fuera del intervalo - 9 - UserIndex: 1
23/12/2016 08:51:00 p.m. Error en PasarSegundo. Err: El subíndice está fuera del intervalo - 9 - UserIndex: 1
23/12/2016 08:51:00 p.m. Error en PasarSegundo. Err: El subíndice está fuera del intervalo - 9 - UserIndex: 1
23/12/2016 08:51:00 p.m. Error en PasarSegundo. Err: Desbordamiento - 6 - UserIndex: 1
23/12/2016 08:51:01 p.m. Error en PasarSegundo. Err: El subíndice está fuera del intervalo - 9 - UserIndex: 1
23/12/2016 08:51:01 p.m. Error en PasarSegundo. Err: El subíndice está fuera del intervalo - 9 - UserIndex: 1
23/12/2016 08:51:01 p.m. Error en PasarSegundo. Err: El subíndice está fuera del intervalo - 9 - UserIndex: 1
23/12/2016 08:51:01 p.m. Error en PasarSegundo. Err: El subíndice está fuera del intervalo - 9 - UserIndex: 1
23/12/2016 08:51:01 p.m. Error en PasarSegundo. Err: Desbordamiento - 6 - UserIndex: 1
23/12/2016 08:51:02 p.m. Error en PasarSegundo. Err: El subíndice está fuera del intervalo - 9 - UserIndex: 1
23/12/2016 08:51:02 p.m. Error en PasarSegundo. Err: El subíndice está fuera del intervalo - 9 - UserIndex: 1
23/12/2016 08:51:02 p.m. Error en PasarSegundo. Err: El subíndice está fuera del intervalo - 9 - UserIndex: 1
23/12/2016 08:51:02 p.m. Error en PasarSegundo. Err: El subíndice está fuera del intervalo - 9 - UserIndex: 1
23/12/2016 08:51:02 p.m. Error en PasarSegundo. Err: Desbordamiento - 6 - UserIndex: 1
23/12/2016 08:51:03 p.m. Error en PasarSegundo. Err: El subíndice está fuera del intervalo - 9 - UserIndex: 1
23/12/2016 08:51:03 p.m. Error en PasarSegundo. Err: El subíndice está fuera del intervalo - 9 - UserIndex: 1
23/12/2016 08:51:03 p.m. Error en PasarSegundo. Err: El subíndice está fuera del intervalo - 9 - UserIndex: 1
23/12/2016 08:51:03 p.m. Error en PasarSegundo. Err: El subíndice está fuera del intervalo - 9 - UserIndex: 1
23/12/2016 08:51:03 p.m. Error en PasarSegundo. Err: Desbordamiento - 6 - UserIndex: 1
23/12/2016 08:51:04 p.m. Error en PasarSegundo. Err: El subíndice está fuera del intervalo - 9 - UserIndex: 1
23/12/2016 08:51:04 p.m. Error en PasarSegundo. Err: El subíndice está fuera del intervalo - 9 - UserIndex: 1
23/12/2016 08:51:04 p.m. Error en PasarSegundo. Err: El subíndice está fuera del intervalo - 9 - UserIndex: 1
23/12/2016 08:51:04 p.m. Error en PasarSegundo. Err: El subíndice está fuera del intervalo - 9 - UserIndex: 1
23/12/2016 08:51:04 p.m. Error en PasarSegundo. Err: Desbordamiento - 6 - UserIndex: 1
23/12/2016 08:51:05 p.m. Error en PasarSegundo. Err: El subíndice está fuera del intervalo - 9 - UserIndex: 1
23/12/2016 08:51:05 p.m. Error en PasarSegundo. Err: El subíndice está fuera del intervalo - 9 - UserIndex: 1
23/12/2016 08:51:05 p.m. Error en PasarSegundo. Err: El subíndice está fuera del intervalo - 9 - UserIndex: 1
23/12/2016 08:51:05 p.m. Error en PasarSegundo. Err: El subíndice está fuera del intervalo - 9 - UserIndex: 1
23/12/2016 08:51:05 p.m. Error en PasarSegundo. Err: Desbordamiento - 6 - UserIndex: 1
23/12/2016 08:51:06 p.m. Error en PasarSegundo. Err: El subíndice está fuera del intervalo - 9 - UserIndex: 1
23/12/2016 08:51:06 p.m. Error en PasarSegundo. Err: El subíndice está fuera del intervalo - 9 - UserIndex: 1
23/12/2016 08:51:06 p.m. Error en PasarSegundo. Err: El subíndice está fuera del intervalo - 9 - UserIndex: 1
23/12/2016 08:51:06 p.m. Error en PasarSegundo. Err: El subíndice está fuera del intervalo - 9 - UserIndex: 1
23/12/2016 08:51:06 p.m. Error en PasarSegundo. Err: Desbordamiento - 6 - UserIndex: 1
23/12/2016 08:51:07 p.m. Error en PasarSegundo. Err: El subíndice está fuera del intervalo - 9 - UserIndex: 1
23/12/2016 08:51:07 p.m. Error en PasarSegundo. Err: El subíndice está fuera del intervalo - 9 - UserIndex: 1
23/12/2016 08:51:07 p.m. Error en PasarSegundo. Err: El subíndice está fuera del intervalo - 9 - UserIndex: 1
23/12/2016 08:51:07 p.m. Error en PasarSegundo. Err: El subíndice está fuera del intervalo - 9 - UserIndex: 1
23/12/2016 08:51:07 p.m. Error en EraseUserchar 9: El subíndice está fuera del intervalo. User: (UI: 1 - CI: 0)
23/12/2016 08:51:07 p.m. Error en PasarSegundo. Err: El subíndice está fuera del intervalo - 9 - UserIndex: 1
23/12/2016 08:51:07 p.m. Error en PasarSegundo. Err: Desbordamiento - 6 - UserIndex: 1
23/12/2016 08:52:43 p.m. Error cargando mapa: 291 - Pos: 0,0.El subíndice está fuera del intervalo
23/12/2016 08:52:45 p.m. Error en PasarSegundo. Err: El subíndice está fuera del intervalo - 9 - UserIndex: 1
23/12/2016 08:52:45 p.m. Error en PasarSegundo. Err: El subíndice está fuera del intervalo - 9 - UserIndex: 1
23/12/2016 08:52:45 p.m. Error en PasarSegundo. Err: El subíndice está fuera del intervalo - 9 - UserIndex: 1
23/12/2016 08:52:45 p.m. Error en PasarSegundo. Err: El subíndice está fuera del intervalo - 9 - UserIndex: 1
23/12/2016 08:52:45 p.m. Error en PasarSegundo. Err: El subíndice está fuera del intervalo - 9 - UserIndex: 1
23/12/2016 08:52:45 p.m. Error en PasarSegundo. Err: Desbordamiento - 6 - UserIndex: 1
23/12/2016 08:52:46 p.m. Error en PasarSegundo. Err: El subíndice está fuera del intervalo - 9 - UserIndex: 1
23/12/2016 08:52:46 p.m. Error en PasarSegundo. Err: El subíndice está fuera del intervalo - 9 - UserIndex: 1
23/12/2016 08:52:46 p.m. Error en PasarSegundo. Err: El subíndice está fuera del intervalo - 9 - UserIndex: 1
23/12/2016 08:52:46 p.m. Error en PasarSegundo. Err: El subíndice está fuera del intervalo - 9 - UserIndex: 1
23/12/2016 08:52:46 p.m. Error en PasarSegundo. Err: El subíndice está fuera del intervalo - 9 - UserIndex: 1
23/12/2016 08:52:46 p.m. Error en PasarSegundo. Err: Desbordamiento - 6 - UserIndex: 1
23/12/2016 08:52:47 p.m. Error en PasarSegundo. Err: El subíndice está fuera del intervalo - 9 - UserIndex: 1
23/12/2016 08:52:47 p.m. Error en PasarSegundo. Err: El subíndice está fuera del intervalo - 9 - UserIndex: 1
23/12/2016 08:52:47 p.m. Error en PasarSegundo. Err: El subíndice está fuera del intervalo - 9 - UserIndex: 1
23/12/2016 08:52:47 p.m. Error en PasarSegundo. Err: El subíndice está fuera del intervalo - 9 - UserIndex: 1
23/12/2016 08:52:47 p.m. Error en PasarSegundo. Err: El subíndice está fuera del intervalo - 9 - UserIndex: 1
23/12/2016 08:52:47 p.m. Error en PasarSegundo. Err: Desbordamiento - 6 - UserIndex: 1
23/12/2016 08:52:48 p.m. Error en PasarSegundo. Err: El subíndice está fuera del intervalo - 9 - UserIndex: 1
23/12/2016 08:52:48 p.m. Error en PasarSegundo. Err: El subíndice está fuera del intervalo - 9 - UserIndex: 1
23/12/2016 08:52:48 p.m. Error en PasarSegundo. Err: El subíndice está fuera del intervalo - 9 - UserIndex: 1
23/12/2016 08:52:48 p.m. Error en PasarSegundo. Err: El subíndice está fuera del intervalo - 9 - UserIndex: 1
23/12/2016 08:52:48 p.m. Error en PasarSegundo. Err: El subíndice está fuera del intervalo - 9 - UserIndex: 1
23/12/2016 08:52:48 p.m. Error en PasarSegundo. Err: Desbordamiento - 6 - UserIndex: 1
23/12/2016 08:52:49 p.m. Error en PasarSegundo. Err: El subíndice está fuera del intervalo - 9 - UserIndex: 1
23/12/2016 08:52:49 p.m. Error en PasarSegundo. Err: El subíndice está fuera del intervalo - 9 - UserIndex: 1
23/12/2016 08:52:49 p.m. Error en PasarSegundo. Err: El subíndice está fuera del intervalo - 9 - UserIndex: 1
23/12/2016 08:52:49 p.m. Error en PasarSegundo. Err: El subíndice está fuera del intervalo - 9 - UserIndex: 1
23/12/2016 08:52:49 p.m. Error en PasarSegundo. Err: El subíndice está fuera del intervalo - 9 - UserIndex: 1
23/12/2016 08:52:49 p.m. Error en PasarSegundo. Err: Desbordamiento - 6 - UserIndex: 1
23/12/2016 08:52:50 p.m. Error en PasarSegundo. Err: El subíndice está fuera del intervalo - 9 - UserIndex: 1
23/12/2016 08:52:50 p.m. Error en PasarSegundo. Err: El subíndice está fuera del intervalo - 9 - UserIndex: 1
23/12/2016 08:52:50 p.m. Error en PasarSegundo. Err: El subíndice está fuera del intervalo - 9 - UserIndex: 1
23/12/2016 08:52:50 p.m. Error en PasarSegundo. Err: El subíndice está fuera del intervalo - 9 - UserIndex: 1
23/12/2016 08:52:50 p.m. Error en PasarSegundo. Err: El subíndice está fuera del intervalo - 9 - UserIndex: 1
23/12/2016 08:52:50 p.m. Error en PasarSegundo. Err: Desbordamiento - 6 - UserIndex: 1
23/12/2016 08:52:51 p.m. Error en PasarSegundo. Err: El subíndice está fuera del intervalo - 9 - UserIndex: 1
23/12/2016 08:52:51 p.m. Error en PasarSegundo. Err: El subíndice está fuera del intervalo - 9 - UserIndex: 1
23/12/2016 08:52:51 p.m. Error en PasarSegundo. Err: El subíndice está fuera del intervalo - 9 - UserIndex: 1
23/12/2016 08:52:51 p.m. Error en PasarSegundo. Err: El subíndice está fuera del intervalo - 9 - UserIndex: 1
23/12/2016 08:52:51 p.m. Error en PasarSegundo. Err: El subíndice está fuera del intervalo - 9 - UserIndex: 1
23/12/2016 08:52:51 p.m. Error en PasarSegundo. Err: Desbordamiento - 6 - UserIndex: 1
23/12/2016 08:52:52 p.m. Error en PasarSegundo. Err: El subíndice está fuera del intervalo - 9 - UserIndex: 1
23/12/2016 08:52:52 p.m. Error en PasarSegundo. Err: El subíndice está fuera del intervalo - 9 - UserIndex: 1
23/12/2016 08:52:52 p.m. Error en PasarSegundo. Err: El subíndice está fuera del intervalo - 9 - UserIndex: 1
23/12/2016 08:52:52 p.m. Error en PasarSegundo. Err: El subíndice está fuera del intervalo - 9 - UserIndex: 1
23/12/2016 08:52:52 p.m. Error en PasarSegundo. Err: El subíndice está fuera del intervalo - 9 - UserIndex: 1
23/12/2016 08:52:52 p.m. Error en PasarSegundo. Err: Desbordamiento - 6 - UserIndex: 1
23/12/2016 08:52:53 p.m. Error en PasarSegundo. Err: El subíndice está fuera del intervalo - 9 - UserIndex: 1
23/12/2016 08:52:53 p.m. Error en PasarSegundo. Err: El subíndice está fuera del intervalo - 9 - UserIndex: 1
23/12/2016 08:52:53 p.m. Error en PasarSegundo. Err: El subíndice está fuera del intervalo - 9 - UserIndex: 1
23/12/2016 08:52:53 p.m. Error en PasarSegundo. Err: El subíndice está fuera del intervalo - 9 - UserIndex: 1
23/12/2016 08:52:53 p.m. Error en PasarSegundo. Err: El subíndice está fuera del intervalo - 9 - UserIndex: 1
23/12/2016 08:52:53 p.m. Error en PasarSegundo. Err: Desbordamiento - 6 - UserIndex: 1
23/12/2016 08:54:00 p.m. Error en PasarSegundo. Err: El subíndice está fuera del intervalo - 9 - UserIndex: 1
23/12/2016 08:54:05 p.m. Error en PasarSegundo. Err: El subíndice está fuera del intervalo - 9 - UserIndex: 1
23/12/2016 08:54:15 p.m. Error en PasarSegundo. Err: El subíndice está fuera del intervalo - 9 - UserIndex: 1
23/12/2016 08:54:15 p.m. Error en PasarSegundo. Err: El subíndice está fuera del intervalo - 9 - UserIndex: 1
23/12/2016 08:54:15 p.m. Error en PasarSegundo. Err: El subíndice está fuera del intervalo - 9 - UserIndex: 1
23/12/2016 08:54:15 p.m. Error en PasarSegundo. Err: Desbordamiento - 6 - UserIndex: 1
23/12/2016 08:54:19 p.m. Error en PasarSegundo. Err: El subíndice está fuera del intervalo - 9 - UserIndex: 1
23/12/2016 08:54:19 p.m. Error en PasarSegundo. Err: El subíndice está fuera del intervalo - 9 - UserIndex: 1
23/12/2016 08:54:19 p.m. Error en PasarSegundo. Err: El subíndice está fuera del intervalo - 9 - UserIndex: 1
23/12/2016 08:54:19 p.m. Error en PasarSegundo. Err: El subíndice está fuera del intervalo - 9 - UserIndex: 1
23/12/2016 08:54:19 p.m. Error en PasarSegundo. Err: El subíndice está fuera del intervalo - 9 - UserIndex: 1
23/12/2016 08:54:19 p.m. Error en PasarSegundo. Err: Desbordamiento - 6 - UserIndex: 1
23/12/2016 08:54:20 p.m. Error en PasarSegundo. Err: El subíndice está fuera del intervalo - 9 - UserIndex: 1
23/12/2016 08:54:20 p.m. Error en PasarSegundo. Err: El subíndice está fuera del intervalo - 9 - UserIndex: 1
23/12/2016 08:54:20 p.m. Error en PasarSegundo. Err: El subíndice está fuera del intervalo - 9 - UserIndex: 1
23/12/2016 08:54:20 p.m. Error en PasarSegundo. Err: El subíndice está fuera del intervalo - 9 - UserIndex: 1
23/12/2016 08:54:20 p.m. Error en PasarSegundo. Err: El subíndice está fuera del intervalo - 9 - UserIndex: 1
23/12/2016 08:54:20 p.m. Error en PasarSegundo. Err: Desbordamiento - 6 - UserIndex: 1
23/12/2016 08:54:21 p.m. Error en PasarSegundo. Err: El subíndice está fuera del intervalo - 9 - UserIndex: 1
23/12/2016 08:54:21 p.m. Error en PasarSegundo. Err: El subíndice está fuera del intervalo - 9 - UserIndex: 1
23/12/2016 08:54:21 p.m. Error en PasarSegundo. Err: El subíndice está fuera del intervalo - 9 - UserIndex: 1
23/12/2016 08:54:21 p.m. Error en PasarSegundo. Err: El subíndice está fuera del intervalo - 9 - UserIndex: 1
23/12/2016 08:54:21 p.m. Error en PasarSegundo. Err: El subíndice está fuera del intervalo - 9 - UserIndex: 1
23/12/2016 08:54:21 p.m. Error en PasarSegundo. Err: Desbordamiento - 6 - UserIndex: 1
23/12/2016 08:54:22 p.m. Error en PasarSegundo. Err: El subíndice está fuera del intervalo - 9 - UserIndex: 1
23/12/2016 08:54:22 p.m. Error en PasarSegundo. Err: El subíndice está fuera del intervalo - 9 - UserIndex: 1
23/12/2016 08:54:22 p.m. Error en PasarSegundo. Err: El subíndice está fuera del intervalo - 9 - UserIndex: 1
23/12/2016 08:54:22 p.m. Error en PasarSegundo. Err: El subíndice está fuera del intervalo - 9 - UserIndex: 1
23/12/2016 08:54:22 p.m. Error en PasarSegundo. Err: El subíndice está fuera del intervalo - 9 - UserIndex: 1
23/12/2016 08:54:22 p.m. Error en PasarSegundo. Err: Desbordamiento - 6 - UserIndex: 1
23/12/2016 08:54:23 p.m. Error en PasarSegundo. Err: El subíndice está fuera del intervalo - 9 - UserIndex: 1
23/12/2016 08:54:23 p.m. Error en PasarSegundo. Err: El subíndice está fuera del intervalo - 9 - UserIndex: 1
23/12/2016 08:54:23 p.m. Error en PasarSegundo. Err: El subíndice está fuera del intervalo - 9 - UserIndex: 1
23/12/2016 08:54:23 p.m. Error en PasarSegundo. Err: El subíndice está fuera del intervalo - 9 - UserIndex: 1
23/12/2016 08:54:23 p.m. Error en PasarSegundo. Err: El subíndice está fuera del intervalo - 9 - UserIndex: 1
23/12/2016 08:54:23 p.m. Error en PasarSegundo. Err: Desbordamiento - 6 - UserIndex: 1
23/12/2016 08:54:24 p.m. Error en PasarSegundo. Err: El subíndice está fuera del intervalo - 9 - UserIndex: 1
23/12/2016 08:54:24 p.m. Error en PasarSegundo. Err: El subíndice está fuera del intervalo - 9 - UserIndex: 1
23/12/2016 08:54:24 p.m. Error en PasarSegundo. Err: El subíndice está fuera del intervalo - 9 - UserIndex: 1
23/12/2016 08:54:24 p.m. Error en PasarSegundo. Err: El subíndice está fuera del intervalo - 9 - UserIndex: 1
23/12/2016 08:54:24 p.m. Error en PasarSegundo. Err: El subíndice está fuera del intervalo - 9 - UserIndex: 1
23/12/2016 08:54:24 p.m. Error en EraseUserchar 9: El subíndice está fuera del intervalo. User: (UI: 1 - CI: 0)
23/12/2016 08:54:24 p.m. Error en PasarSegundo. Err: El subíndice está fuera del intervalo - 9 - UserIndex: 1
23/12/2016 08:54:24 p.m. Error en PasarSegundo. Err: Desbordamiento - 6 - UserIndex: 1
23/12/2016 08:56:24 p.m. Error en PasarSegundo. Err: El subíndice está fuera del intervalo - 9 - UserIndex: 2
23/12/2016 08:56:24 p.m. Error en PasarSegundo. Err: El subíndice está fuera del intervalo - 9 - UserIndex: 2
23/12/2016 08:56:24 p.m. Error en PasarSegundo. Err: El subíndice está fuera del intervalo - 9 - UserIndex: 2
23/12/2016 08:56:24 p.m. Error en PasarSegundo. Err: El subíndice está fuera del intervalo - 9 - UserIndex: 2
23/12/2016 08:56:24 p.m. Error en PasarSegundo. Err: Desbordamiento - 6 - UserIndex: 2
23/12/2016 08:56:25 p.m. Error en PasarSegundo. Err: El subíndice está fuera del intervalo - 9 - UserIndex: 2
23/12/2016 08:56:25 p.m. Error en PasarSegundo. Err: El subíndice está fuera del intervalo - 9 - UserIndex: 2
23/12/2016 08:56:25 p.m. Error en PasarSegundo. Err: El subíndice está fuera del intervalo - 9 - UserIndex: 2
23/12/2016 08:56:25 p.m. Error en PasarSegundo. Err: El subíndice está fuera del intervalo - 9 - UserIndex: 2
23/12/2016 08:56:25 p.m. Error en PasarSegundo. Err: Desbordamiento - 6 - UserIndex: 2
23/12/2016 08:56:26 p.m. Error en PasarSegundo. Err: El subíndice está fuera del intervalo - 9 - UserIndex: 2
23/12/2016 08:56:26 p.m. Error en PasarSegundo. Err: El subíndice está fuera del intervalo - 9 - UserIndex: 2
23/12/2016 08:56:26 p.m. Error en PasarSegundo. Err: El subíndice está fuera del intervalo - 9 - UserIndex: 2
23/12/2016 08:56:26 p.m. Error en PasarSegundo. Err: El subíndice está fuera del intervalo - 9 - UserIndex: 2
23/12/2016 08:56:26 p.m. Error en PasarSegundo. Err: Desbordamiento - 6 - UserIndex: 2
23/12/2016 08:56:27 p.m. Error en PasarSegundo. Err: El subíndice está fuera del intervalo - 9 - UserIndex: 2
23/12/2016 08:56:27 p.m. Error en PasarSegundo. Err: El subíndice está fuera del intervalo - 9 - UserIndex: 2
23/12/2016 08:56:27 p.m. Error en PasarSegundo. Err: El subíndice está fuera del intervalo - 9 - UserIndex: 2
23/12/2016 08:56:27 p.m. Error en PasarSegundo. Err: El subíndice está fuera del intervalo - 9 - UserIndex: 2
23/12/2016 08:56:27 p.m. Error en PasarSegundo. Err: Desbordamiento - 6 - UserIndex: 2
23/12/2016 08:56:28 p.m. Error en PasarSegundo. Err: El subíndice está fuera del intervalo - 9 - UserIndex: 2
23/12/2016 08:56:28 p.m. Error en PasarSegundo. Err: El subíndice está fuera del intervalo - 9 - UserIndex: 2
23/12/2016 08:56:28 p.m. Error en PasarSegundo. Err: El subíndice está fuera del intervalo - 9 - UserIndex: 2
23/12/2016 08:56:28 p.m. Error en PasarSegundo. Err: El subíndice está fuera del intervalo - 9 - UserIndex: 2
23/12/2016 08:56:28 p.m. Error en PasarSegundo. Err: Desbordamiento - 6 - UserIndex: 2
23/12/2016 08:56:29 p.m. Error en PasarSegundo. Err: El subíndice está fuera del intervalo - 9 - UserIndex: 2
23/12/2016 08:56:29 p.m. Error en PasarSegundo. Err: El subíndice está fuera del intervalo - 9 - UserIndex: 2
23/12/2016 08:56:29 p.m. Error en PasarSegundo. Err: El subíndice está fuera del intervalo - 9 - UserIndex: 2
23/12/2016 08:56:29 p.m. Error en PasarSegundo. Err: El subíndice está fuera del intervalo - 9 - UserIndex: 2
23/12/2016 08:56:29 p.m. Error en PasarSegundo. Err: Desbordamiento - 6 - UserIndex: 2
23/12/2016 08:56:30 p.m. Error en PasarSegundo. Err: El subíndice está fuera del intervalo - 9 - UserIndex: 2
23/12/2016 08:56:30 p.m. Error en PasarSegundo. Err: El subíndice está fuera del intervalo - 9 - UserIndex: 2
23/12/2016 08:56:30 p.m. Error en PasarSegundo. Err: El subíndice está fuera del intervalo - 9 - UserIndex: 2
23/12/2016 08:56:30 p.m. Error en PasarSegundo. Err: El subíndice está fuera del intervalo - 9 - UserIndex: 2
23/12/2016 08:56:30 p.m. Error en PasarSegundo. Err: Desbordamiento - 6 - UserIndex: 2
23/12/2016 08:56:31 p.m. Error en PasarSegundo. Err: El subíndice está fuera del intervalo - 9 - UserIndex: 2
23/12/2016 08:56:31 p.m. Error en PasarSegundo. Err: El subíndice está fuera del intervalo - 9 - UserIndex: 2
23/12/2016 08:56:31 p.m. Error en PasarSegundo. Err: El subíndice está fuera del intervalo - 9 - UserIndex: 2
23/12/2016 08:56:31 p.m. Error en PasarSegundo. Err: El subíndice está fuera del intervalo - 9 - UserIndex: 2
23/12/2016 08:56:31 p.m. Error en PasarSegundo. Err: Desbordamiento - 6 - UserIndex: 2
23/12/2016 08:56:32 p.m. Error en PasarSegundo. Err: El subíndice está fuera del intervalo - 9 - UserIndex: 2
23/12/2016 08:56:32 p.m. Error en PasarSegundo. Err: El subíndice está fuera del intervalo - 9 - UserIndex: 2
23/12/2016 08:56:32 p.m. Error en PasarSegundo. Err: El subíndice está fuera del intervalo - 9 - UserIndex: 2
23/12/2016 08:56:32 p.m. Error en PasarSegundo. Err: El subíndice está fuera del intervalo - 9 - UserIndex: 2
23/12/2016 08:56:32 p.m. Error en PasarSegundo. Err: Desbordamiento - 6 - UserIndex: 2
23/12/2016 08:56:33 p.m. Error en PasarSegundo. Err: El subíndice está fuera del intervalo - 9 - UserIndex: 2
23/12/2016 08:56:33 p.m. Error en PasarSegundo. Err: El subíndice está fuera del intervalo - 9 - UserIndex: 2
23/12/2016 08:56:33 p.m. Error en PasarSegundo. Err: El subíndice está fuera del intervalo - 9 - UserIndex: 2
23/12/2016 08:56:33 p.m. Error en PasarSegundo. Err: El subíndice está fuera del intervalo - 9 - UserIndex: 2
23/12/2016 08:56:33 p.m. Error en PasarSegundo. Err: Desbordamiento - 6 - UserIndex: 2
23/12/2016 08:57:12 p.m. Error en PasarSegundo. Err: El subíndice está fuera del intervalo - 9 - UserIndex: 2
23/12/2016 08:57:12 p.m. Error en PasarSegundo. Err: El subíndice está fuera del intervalo - 9 - UserIndex: 2
23/12/2016 08:57:12 p.m. Error en PasarSegundo. Err: El subíndice está fuera del intervalo - 9 - UserIndex: 2
23/12/2016 08:57:12 p.m. Error en PasarSegundo. Err: El subíndice está fuera del intervalo - 9 - UserIndex: 2
23/12/2016 08:57:12 p.m. Error en PasarSegundo. Err: Desbordamiento - 6 - UserIndex: 2
23/12/2016 08:57:17 p.m. Error en PasarSegundo. Err: El subíndice está fuera del intervalo - 9 - UserIndex: 2
23/12/2016 08:57:17 p.m. Error en PasarSegundo. Err: El subíndice está fuera del intervalo - 9 - UserIndex: 2
23/12/2016 08:57:17 p.m. Error en PasarSegundo. Err: El subíndice está fuera del intervalo - 9 - UserIndex: 2
23/12/2016 08:57:17 p.m. Error en PasarSegundo. Err: El subíndice está fuera del intervalo - 9 - UserIndex: 2
23/12/2016 08:57:17 p.m. Error en PasarSegundo. Err: Desbordamiento - 6 - UserIndex: 2
23/12/2016 08:57:18 p.m. Error en PasarSegundo. Err: El subíndice está fuera del intervalo - 9 - UserIndex: 2
23/12/2016 08:57:18 p.m. Error en PasarSegundo. Err: El subíndice está fuera del intervalo - 9 - UserIndex: 2
23/12/2016 08:57:18 p.m. Error en PasarSegundo. Err: El subíndice está fuera del intervalo - 9 - UserIndex: 2
23/12/2016 08:57:18 p.m. Error en PasarSegundo. Err: El subíndice está fuera del intervalo - 9 - UserIndex: 2
23/12/2016 08:57:18 p.m. Error en PasarSegundo. Err: Desbordamiento - 6 - UserIndex: 2
23/12/2016 08:57:20 p.m. Error en PasarSegundo. Err: El subíndice está fuera del intervalo - 9 - UserIndex: 2
23/12/2016 08:57:20 p.m. Error en PasarSegundo. Err: El subíndice está fuera del intervalo - 9 - UserIndex: 2
23/12/2016 08:57:20 p.m. Error en PasarSegundo. Err: El subíndice está fuera del intervalo - 9 - UserIndex: 2
23/12/2016 08:57:20 p.m. Error en PasarSegundo. Err: El subíndice está fuera del intervalo - 9 - UserIndex: 2
23/12/2016 08:57:20 p.m. Error en PasarSegundo. Err: Desbordamiento - 6 - UserIndex: 2
23/12/2016 08:57:21 p.m. Error en PasarSegundo. Err: El subíndice está fuera del intervalo - 9 - UserIndex: 2
23/12/2016 08:57:21 p.m. Error en PasarSegundo. Err: El subíndice está fuera del intervalo - 9 - UserIndex: 2
23/12/2016 08:57:21 p.m. Error en PasarSegundo. Err: El subíndice está fuera del intervalo - 9 - UserIndex: 2
23/12/2016 08:57:21 p.m. Error en PasarSegundo. Err: El subíndice está fuera del intervalo - 9 - UserIndex: 2
23/12/2016 08:57:21 p.m. Error en PasarSegundo. Err: Desbordamiento - 6 - UserIndex: 2
23/12/2016 08:57:22 p.m. Error en PasarSegundo. Err: El subíndice está fuera del intervalo - 9 - UserIndex: 2
23/12/2016 08:57:22 p.m. Error en PasarSegundo. Err: El subíndice está fuera del intervalo - 9 - UserIndex: 2
23/12/2016 08:57:22 p.m. Error en PasarSegundo. Err: El subíndice está fuera del intervalo - 9 - UserIndex: 2
23/12/2016 08:57:22 p.m. Error en PasarSegundo. Err: El subíndice está fuera del intervalo - 9 - UserIndex: 2
23/12/2016 08:57:22 p.m. Error en PasarSegundo. Err: Desbordamiento - 6 - UserIndex: 2
23/12/2016 08:57:23 p.m. Error en PasarSegundo. Err: El subíndice está fuera del intervalo - 9 - UserIndex: 2
23/12/2016 08:57:23 p.m. Error en PasarSegundo. Err: El subíndice está fuera del intervalo - 9 - UserIndex: 2
23/12/2016 08:57:23 p.m. Error en PasarSegundo. Err: El subíndice está fuera del intervalo - 9 - UserIndex: 2
23/12/2016 08:57:23 p.m. Error en PasarSegundo. Err: El subíndice está fuera del intervalo - 9 - UserIndex: 2
23/12/2016 08:57:23 p.m. Error en PasarSegundo. Err: Desbordamiento - 6 - UserIndex: 2
23/12/2016 08:57:24 p.m. Error en PasarSegundo. Err: El subíndice está fuera del intervalo - 9 - UserIndex: 2
23/12/2016 08:57:24 p.m. Error en PasarSegundo. Err: El subíndice está fuera del intervalo - 9 - UserIndex: 2
23/12/2016 08:57:24 p.m. Error en PasarSegundo. Err: El subíndice está fuera del intervalo - 9 - UserIndex: 2
23/12/2016 08:57:24 p.m. Error en PasarSegundo. Err: El subíndice está fuera del intervalo - 9 - UserIndex: 2
23/12/2016 08:57:24 p.m. Error en PasarSegundo. Err: Desbordamiento - 6 - UserIndex: 2
23/12/2016 08:57:25 p.m. Error en PasarSegundo. Err: El subíndice está fuera del intervalo - 9 - UserIndex: 2
23/12/2016 08:57:25 p.m. Error en PasarSegundo. Err: El subíndice está fuera del intervalo - 9 - UserIndex: 2
23/12/2016 08:57:25 p.m. Error en PasarSegundo. Err: El subíndice está fuera del intervalo - 9 - UserIndex: 2
23/12/2016 08:57:25 p.m. Error en PasarSegundo. Err: El subíndice está fuera del intervalo - 9 - UserIndex: 2
23/12/2016 08:57:25 p.m. Error en PasarSegundo. Err: Desbordamiento - 6 - UserIndex: 2
23/12/2016 08:57:26 p.m. Error en PasarSegundo. Err: El subíndice está fuera del intervalo - 9 - UserIndex: 2
23/12/2016 08:57:26 p.m. Error en PasarSegundo. Err: El subíndice está fuera del intervalo - 9 - UserIndex: 2
23/12/2016 08:57:26 p.m. Error en PasarSegundo. Err: El subíndice está fuera del intervalo - 9 - UserIndex: 2
23/12/2016 08:57:26 p.m. Error en PasarSegundo. Err: El subíndice está fuera del intervalo - 9 - UserIndex: 2
23/12/2016 08:57:26 p.m. Error en PasarSegundo. Err: Desbordamiento - 6 - UserIndex: 2
23/12/2016 08:57:27 p.m. Error en PasarSegundo. Err: El subíndice está fuera del intervalo - 9 - UserIndex: 2
23/12/2016 08:57:27 p.m. Error en PasarSegundo. Err: El subíndice está fuera del intervalo - 9 - UserIndex: 2
23/12/2016 08:57:27 p.m. Error en PasarSegundo. Err: El subíndice está fuera del intervalo - 9 - UserIndex: 2
23/12/2016 08:57:27 p.m. Error en PasarSegundo. Err: El subíndice está fuera del intervalo - 9 - UserIndex: 2
23/12/2016 08:57:27 p.m. Error en PasarSegundo. Err: Desbordamiento - 6 - UserIndex: 2
23/12/2016 08:57:28 p.m. Error en PasarSegundo. Err: El subíndice está fuera del intervalo - 9 - UserIndex: 2
23/12/2016 08:57:28 p.m. Error en PasarSegundo. Err: El subíndice está fuera del intervalo - 9 - UserIndex: 2
23/12/2016 08:57:28 p.m. Error en PasarSegundo. Err: El subíndice está fuera del intervalo - 9 - UserIndex: 2
23/12/2016 08:57:28 p.m. Error en PasarSegundo. Err: El subíndice está fuera del intervalo - 9 - UserIndex: 2
23/12/2016 08:57:28 p.m. Error en PasarSegundo. Err: Desbordamiento - 6 - UserIndex: 2
23/12/2016 08:57:41 p.m. Error en PasarSegundo. Err: El subíndice está fuera del intervalo - 9 - UserIndex: 2
23/12/2016 08:57:41 p.m. Error en PasarSegundo. Err: El subíndice está fuera del intervalo - 9 - UserIndex: 2
23/12/2016 08:57:41 p.m. Error en PasarSegundo. Err: El subíndice está fuera del intervalo - 9 - UserIndex: 2
23/12/2016 08:57:41 p.m. Error en PasarSegundo. Err: El subíndice está fuera del intervalo - 9 - UserIndex: 2
23/12/2016 08:57:41 p.m. Error en PasarSegundo. Err: Desbordamiento - 6 - UserIndex: 2
23/12/2016 08:57:42 p.m. Error en PasarSegundo. Err: El subíndice está fuera del intervalo - 9 - UserIndex: 2
23/12/2016 08:57:42 p.m. Error en PasarSegundo. Err: El subíndice está fuera del intervalo - 9 - UserIndex: 2
23/12/2016 08:57:42 p.m. Error en PasarSegundo. Err: El subíndice está fuera del intervalo - 9 - UserIndex: 2
23/12/2016 08:57:42 p.m. Error en PasarSegundo. Err: El subíndice está fuera del intervalo - 9 - UserIndex: 2
23/12/2016 08:57:42 p.m. Error en PasarSegundo. Err: Desbordamiento - 6 - UserIndex: 2
23/12/2016 08:57:43 p.m. Error en PasarSegundo. Err: El subíndice está fuera del intervalo - 9 - UserIndex: 2
23/12/2016 08:57:43 p.m. Error en PasarSegundo. Err: El subíndice está fuera del intervalo - 9 - UserIndex: 2
23/12/2016 08:57:43 p.m. Error en PasarSegundo. Err: El subíndice está fuera del intervalo - 9 - UserIndex: 2
23/12/2016 08:57:43 p.m. Error en PasarSegundo. Err: El subíndice está fuera del intervalo - 9 - UserIndex: 2
23/12/2016 08:57:43 p.m. Error en PasarSegundo. Err: Desbordamiento - 6 - UserIndex: 2
23/12/2016 08:57:44 p.m. Error en PasarSegundo. Err: El subíndice está fuera del intervalo - 9 - UserIndex: 2
23/12/2016 08:57:44 p.m. Error en PasarSegundo. Err: El subíndice está fuera del intervalo - 9 - UserIndex: 2
23/12/2016 08:57:44 p.m. Error en PasarSegundo. Err: El subíndice está fuera del intervalo - 9 - UserIndex: 2
23/12/2016 08:57:44 p.m. Error en PasarSegundo. Err: El subíndice está fuera del intervalo - 9 - UserIndex: 2
23/12/2016 08:57:44 p.m. Error en PasarSegundo. Err: Desbordamiento - 6 - UserIndex: 2
23/12/2016 08:57:45 p.m. Error en PasarSegundo. Err: El subíndice está fuera del intervalo - 9 - UserIndex: 2
23/12/2016 08:57:45 p.m. Error en PasarSegundo. Err: El subíndice está fuera del intervalo - 9 - UserIndex: 2
23/12/2016 08:57:45 p.m. Error en PasarSegundo. Err: El subíndice está fuera del intervalo - 9 - UserIndex: 2
23/12/2016 08:57:45 p.m. Error en PasarSegundo. Err: El subíndice está fuera del intervalo - 9 - UserIndex: 2
23/12/2016 08:57:45 p.m. Error en PasarSegundo. Err: Desbordamiento - 6 - UserIndex: 2
23/12/2016 08:57:46 p.m. Error en PasarSegundo. Err: El subíndice está fuera del intervalo - 9 - UserIndex: 2
23/12/2016 08:57:46 p.m. Error en PasarSegundo. Err: El subíndice está fuera del intervalo - 9 - UserIndex: 2
23/12/2016 08:57:46 p.m. Error en PasarSegundo. Err: El subíndice está fuera del intervalo - 9 - UserIndex: 2
23/12/2016 08:57:46 p.m. Error en PasarSegundo. Err: El subíndice está fuera del intervalo - 9 - UserIndex: 2
23/12/2016 08:57:46 p.m. Error en PasarSegundo. Err: Desbordamiento - 6 - UserIndex: 2
23/12/2016 08:57:47 p.m. Error en PasarSegundo. Err: El subíndice está fuera del intervalo - 9 - UserIndex: 2
23/12/2016 08:57:47 p.m. Error en PasarSegundo. Err: El subíndice está fuera del intervalo - 9 - UserIndex: 2
23/12/2016 08:57:47 p.m. Error en PasarSegundo. Err: El subíndice está fuera del intervalo - 9 - UserIndex: 2
23/12/2016 08:57:47 p.m. Error en PasarSegundo. Err: El subíndice está fuera del intervalo - 9 - UserIndex: 2
23/12/2016 08:57:47 p.m. Error en PasarSegundo. Err: Desbordamiento - 6 - UserIndex: 2
23/12/2016 08:57:48 p.m. Error en PasarSegundo. Err: El subíndice está fuera del intervalo - 9 - UserIndex: 2
23/12/2016 08:57:48 p.m. Error en PasarSegundo. Err: El subíndice está fuera del intervalo - 9 - UserIndex: 2
23/12/2016 08:57:48 p.m. Error en PasarSegundo. Err: El subíndice está fuera del intervalo - 9 - UserIndex: 2
23/12/2016 08:57:48 p.m. Error en PasarSegundo. Err: El subíndice está fuera del intervalo - 9 - UserIndex: 2
23/12/2016 08:57:48 p.m. Error en PasarSegundo. Err: Desbordamiento - 6 - UserIndex: 2
23/12/2016 08:57:49 p.m. Error en PasarSegundo. Err: El subíndice está fuera del intervalo - 9 - UserIndex: 2
23/12/2016 08:57:49 p.m. Error en PasarSegundo. Err: El subíndice está fuera del intervalo - 9 - UserIndex: 2
23/12/2016 08:57:49 p.m. Error en PasarSegundo. Err: El subíndice está fuera del intervalo - 9 - UserIndex: 2
23/12/2016 08:57:49 p.m. Error en PasarSegundo. Err: El subíndice está fuera del intervalo - 9 - UserIndex: 2
23/12/2016 08:57:49 p.m. Error en PasarSegundo. Err: Desbordamiento - 6 - UserIndex: 2
23/12/2016 08:57:50 p.m. Error en PasarSegundo. Err: El subíndice está fuera del intervalo - 9 - UserIndex: 2
23/12/2016 08:57:50 p.m. Error en PasarSegundo. Err: El subíndice está fuera del intervalo - 9 - UserIndex: 2
23/12/2016 08:57:50 p.m. Error en PasarSegundo. Err: El subíndice está fuera del intervalo - 9 - UserIndex: 2
23/12/2016 08:57:50 p.m. Error en PasarSegundo. Err: El subíndice está fuera del intervalo - 9 - UserIndex: 2
23/12/2016 08:57:50 p.m. Error en PasarSegundo. Err: Desbordamiento - 6 - UserIndex: 2
23/12/2016 08:57:51 p.m. Error en PasarSegundo. Err: El subíndice está fuera del intervalo - 9 - UserIndex: 2
23/12/2016 08:57:51 p.m. Error en PasarSegundo. Err: El subíndice está fuera del intervalo - 9 - UserIndex: 2
23/12/2016 08:57:51 p.m. Error en PasarSegundo. Err: El subíndice está fuera del intervalo - 9 - UserIndex: 2
23/12/2016 08:57:51 p.m. Error en PasarSegundo. Err: El subíndice está fuera del intervalo - 9 - UserIndex: 2
23/12/2016 08:57:51 p.m. Error en PasarSegundo. Err: Desbordamiento - 6 - UserIndex: 2
23/12/2016 08:57:52 p.m. Error en PasarSegundo. Err: El subíndice está fuera del intervalo - 9 - UserIndex: 2
23/12/2016 08:57:52 p.m. Error en PasarSegundo. Err: El subíndice está fuera del intervalo - 9 - UserIndex: 2
23/12/2016 08:57:52 p.m. Error en PasarSegundo. Err: El subíndice está fuera del intervalo - 9 - UserIndex: 2
23/12/2016 08:57:52 p.m. Error en PasarSegundo. Err: El subíndice está fuera del intervalo - 9 - UserIndex: 2
23/12/2016 08:57:52 p.m. Error en PasarSegundo. Err: Desbordamiento - 6 - UserIndex: 2
23/12/2016 08:57:53 p.m. Error en PasarSegundo. Err: El subíndice está fuera del intervalo - 9 - UserIndex: 2
23/12/2016 08:57:53 p.m. Error en PasarSegundo. Err: El subíndice está fuera del intervalo - 9 - UserIndex: 2
23/12/2016 08:57:53 p.m. Error en PasarSegundo. Err: El subíndice está fuera del intervalo - 9 - UserIndex: 2
23/12/2016 08:57:53 p.m. Error en PasarSegundo. Err: El subíndice está fuera del intervalo - 9 - UserIndex: 2
23/12/2016 08:57:53 p.m. Error en PasarSegundo. Err: Desbordamiento - 6 - UserIndex: 2
23/12/2016 08:57:54 p.m. Error en PasarSegundo. Err: El subíndice está fuera del intervalo - 9 - UserIndex: 2
23/12/2016 08:57:54 p.m. Error en PasarSegundo. Err: El subíndice está fuera del intervalo - 9 - UserIndex: 2
23/12/2016 08:57:54 p.m. Error en PasarSegundo. Err: El subíndice está fuera del intervalo - 9 - UserIndex: 2
23/12/2016 08:57:54 p.m. Error en PasarSegundo. Err: El subíndice está fuera del intervalo - 9 - UserIndex: 2
23/12/2016 08:57:54 p.m. Error en PasarSegundo. Err: Desbordamiento - 6 - UserIndex: 2
23/12/2016 08:57:55 p.m. Error en PasarSegundo. Err: El subíndice está fuera del intervalo - 9 - UserIndex: 2
23/12/2016 08:57:55 p.m. Error en PasarSegundo. Err: El subíndice está fuera del intervalo - 9 - UserIndex: 2
23/12/2016 08:57:55 p.m. Error en PasarSegundo. Err: El subíndice está fuera del intervalo - 9 - UserIndex: 2
23/12/2016 08:57:55 p.m. Error en PasarSegundo. Err: El subíndice está fuera del intervalo - 9 - UserIndex: 2
23/12/2016 08:57:55 p.m. Error en PasarSegundo. Err: Desbordamiento - 6 - UserIndex: 2
23/12/2016 08:57:56 p.m. Error en PasarSegundo. Err: El subíndice está fuera del intervalo - 9 - UserIndex: 2
23/12/2016 08:57:56 p.m. Error en PasarSegundo. Err: El subíndice está fuera del intervalo - 9 - UserIndex: 2
23/12/2016 08:57:56 p.m. Error en PasarSegundo. Err: El subíndice está fuera del intervalo - 9 - UserIndex: 2
23/12/2016 08:57:56 p.m. Error en PasarSegundo. Err: El subíndice está fuera del intervalo - 9 - UserIndex: 2
23/12/2016 08:57:56 p.m. Error en PasarSegundo. Err: Desbordamiento - 6 - UserIndex: 2
23/12/2016 08:57:57 p.m. Error en PasarSegundo. Err: El subíndice está fuera del intervalo - 9 - UserIndex: 2
23/12/2016 08:57:57 p.m. Error en PasarSegundo. Err: El subíndice está fuera del intervalo - 9 - UserIndex: 2
23/12/2016 08:57:57 p.m. Error en PasarSegundo. Err: El subíndice está fuera del intervalo - 9 - UserIndex: 2
23/12/2016 08:57:57 p.m. Error en PasarSegundo. Err: El subíndice está fuera del intervalo - 9 - UserIndex: 2
23/12/2016 08:57:57 p.m. Error en PasarSegundo. Err: Desbordamiento - 6 - UserIndex: 2
23/12/2016 08:57:58 p.m. Error en PasarSegundo. Err: El subíndice está fuera del intervalo - 9 - UserIndex: 2
23/12/2016 08:57:58 p.m. Error en PasarSegundo. Err: El subíndice está fuera del intervalo - 9 - UserIndex: 2
23/12/2016 08:57:58 p.m. Error en PasarSegundo. Err: El subíndice está fuera del intervalo - 9 - UserIndex: 2
23/12/2016 08:57:58 p.m. Error en PasarSegundo. Err: El subíndice está fuera del intervalo - 9 - UserIndex: 2
23/12/2016 08:57:58 p.m. Error en PasarSegundo. Err: Desbordamiento - 6 - UserIndex: 2
23/12/2016 08:57:59 p.m. Error en PasarSegundo. Err: El subíndice está fuera del intervalo - 9 - UserIndex: 2
23/12/2016 08:57:59 p.m. Error en PasarSegundo. Err: El subíndice está fuera del intervalo - 9 - UserIndex: 2
23/12/2016 08:57:59 p.m. Error en PasarSegundo. Err: El subíndice está fuera del intervalo - 9 - UserIndex: 2
23/12/2016 08:57:59 p.m. Error en PasarSegundo. Err: El subíndice está fuera del intervalo - 9 - UserIndex: 2
23/12/2016 08:57:59 p.m. Error en PasarSegundo. Err: Desbordamiento - 6 - UserIndex: 2
23/12/2016 08:58:00 p.m. Error en PasarSegundo. Err: El subíndice está fuera del intervalo - 9 - UserIndex: 2
23/12/2016 08:58:00 p.m. Error en PasarSegundo. Err: El subíndice está fuera del intervalo - 9 - UserIndex: 2
23/12/2016 08:58:00 p.m. Error en PasarSegundo. Err: El subíndice está fuera del intervalo - 9 - UserIndex: 2
23/12/2016 08:58:00 p.m. Error en PasarSegundo. Err: El subíndice está fuera del intervalo - 9 - UserIndex: 2
23/12/2016 08:58:00 p.m. Error en PasarSegundo. Err: Desbordamiento - 6 - UserIndex: 2
23/12/2016 08:58:01 p.m. Error en PasarSegundo. Err: El subíndice está fuera del intervalo - 9 - UserIndex: 2
23/12/2016 08:58:01 p.m. Error en PasarSegundo. Err: El subíndice está fuera del intervalo - 9 - UserIndex: 2
23/12/2016 08:58:01 p.m. Error en PasarSegundo. Err: El subíndice está fuera del intervalo - 9 - UserIndex: 2
23/12/2016 08:58:01 p.m. Error en PasarSegundo. Err: El subíndice está fuera del intervalo - 9 - UserIndex: 2
23/12/2016 08:58:01 p.m. Error en PasarSegundo. Err: Desbordamiento - 6 - UserIndex: 2
23/12/2016 08:59:32 p.m. Error en PasarSegundo. Err: El subíndice está fuera del intervalo - 9 - UserIndex: 2
23/12/2016 08:59:32 p.m. Error en PasarSegundo. Err: El subíndice está fuera del intervalo - 9 - UserIndex: 2
23/12/2016 08:59:32 p.m. Error en PasarSegundo. Err: El subíndice está fuera del intervalo - 9 - UserIndex: 2
23/12/2016 08:59:32 p.m. Error en PasarSegundo. Err: El subíndice está fuera del intervalo - 9 - UserIndex: 2
23/12/2016 08:59:32 p.m. Error en PasarSegundo. Err: Desbordamiento - 6 - UserIndex: 2
23/12/2016 08:59:33 p.m. Error en PasarSegundo. Err: El subíndice está fuera del intervalo - 9 - UserIndex: 2
23/12/2016 08:59:33 p.m. Error en PasarSegundo. Err: El subíndice está fuera del intervalo - 9 - UserIndex: 2
23/12/2016 08:59:33 p.m. Error en PasarSegundo. Err: El subíndice está fuera del intervalo - 9 - UserIndex: 2
23/12/2016 08:59:33 p.m. Error en PasarSegundo. Err: El subíndice está fuera del intervalo - 9 - UserIndex: 2
23/12/2016 08:59:33 p.m. Error en PasarSegundo. Err: Desbordamiento - 6 - UserIndex: 2
23/12/2016 08:59:34 p.m. Error en PasarSegundo. Err: El subíndice está fuera del intervalo - 9 - UserIndex: 2
23/12/2016 08:59:34 p.m. Error en PasarSegundo. Err: El subíndice está fuera del intervalo - 9 - UserIndex: 2
23/12/2016 08:59:34 p.m. Error en PasarSegundo. Err: El subíndice está fuera del intervalo - 9 - UserIndex: 2
23/12/2016 08:59:34 p.m. Error en PasarSegundo. Err: El subíndice está fuera del intervalo - 9 - UserIndex: 2
23/12/2016 08:59:34 p.m. Error en PasarSegundo. Err: Desbordamiento - 6 - UserIndex: 2
23/12/2016 08:59:35 p.m. Error en PasarSegundo. Err: El subíndice está fuera del intervalo - 9 - UserIndex: 2
23/12/2016 08:59:35 p.m. Error en PasarSegundo. Err: El subíndice está fuera del intervalo - 9 - UserIndex: 2
23/12/2016 08:59:35 p.m. Error en PasarSegundo. Err: El subíndice está fuera del intervalo - 9 - UserIndex: 2
23/12/2016 08:59:35 p.m. Error en PasarSegundo. Err: El subíndice está fuera del intervalo - 9 - UserIndex: 2
23/12/2016 08:59:35 p.m. Error en PasarSegundo. Err: Desbordamiento - 6 - UserIndex: 2
23/12/2016 08:59:36 p.m. Error en PasarSegundo. Err: El subíndice está fuera del intervalo - 9 - UserIndex: 2
23/12/2016 08:59:36 p.m. Error en PasarSegundo. Err: El subíndice está fuera del intervalo - 9 - UserIndex: 2
23/12/2016 08:59:36 p.m. Error en PasarSegundo. Err: El subíndice está fuera del intervalo - 9 - UserIndex: 2
23/12/2016 08:59:36 p.m. Error en PasarSegundo. Err: El subíndice está fuera del intervalo - 9 - UserIndex: 2
23/12/2016 08:59:36 p.m. Error en PasarSegundo. Err: Desbordamiento - 6 - UserIndex: 2
23/12/2016 08:59:37 p.m. Error en PasarSegundo. Err: El subíndice está fuera del intervalo - 9 - UserIndex: 2
23/12/2016 08:59:37 p.m. Error en PasarSegundo. Err: El subíndice está fuera del intervalo - 9 - UserIndex: 2
23/12/2016 08:59:37 p.m. Error en PasarSegundo. Err: El subíndice está fuera del intervalo - 9 - UserIndex: 2
23/12/2016 08:59:37 p.m. Error en PasarSegundo. Err: El subíndice está fuera del intervalo - 9 - UserIndex: 2
23/12/2016 08:59:37 p.m. Error en PasarSegundo. Err: Desbordamiento - 6 - UserIndex: 2
23/12/2016 08:59:38 p.m. Error en PasarSegundo. Err: El subíndice está fuera del intervalo - 9 - UserIndex: 2
23/12/2016 08:59:38 p.m. Error en PasarSegundo. Err: El subíndice está fuera del intervalo - 9 - UserIndex: 2
23/12/2016 08:59:38 p.m. Error en PasarSegundo. Err: El subíndice está fuera del intervalo - 9 - UserIndex: 2
23/12/2016 08:59:38 p.m. Error en PasarSegundo. Err: El subíndice está fuera del intervalo - 9 - UserIndex: 2
23/12/2016 08:59:38 p.m. Error en PasarSegundo. Err: Desbordamiento - 6 - UserIndex: 2
23/12/2016 08:59:39 p.m. Error en PasarSegundo. Err: El subíndice está fuera del intervalo - 9 - UserIndex: 2
23/12/2016 08:59:39 p.m. Error en PasarSegundo. Err: El subíndice está fuera del intervalo - 9 - UserIndex: 2
23/12/2016 08:59:39 p.m. Error en PasarSegundo. Err: El subíndice está fuera del intervalo - 9 - UserIndex: 2
23/12/2016 08:59:39 p.m. Error en PasarSegundo. Err: El subíndice está fuera del intervalo - 9 - UserIndex: 2
23/12/2016 08:59:39 p.m. Error en PasarSegundo. Err: Desbordamiento - 6 - UserIndex: 2
23/12/2016 08:59:40 p.m. Error en PasarSegundo. Err: El subíndice está fuera del intervalo - 9 - UserIndex: 2
23/12/2016 08:59:40 p.m. Error en PasarSegundo. Err: El subíndice está fuera del intervalo - 9 - UserIndex: 2
23/12/2016 08:59:40 p.m. Error en PasarSegundo. Err: El subíndice está fuera del intervalo - 9 - UserIndex: 2
23/12/2016 08:59:40 p.m. Error en PasarSegundo. Err: El subíndice está fuera del intervalo - 9 - UserIndex: 2
23/12/2016 08:59:40 p.m. Error en PasarSegundo. Err: Desbordamiento - 6 - UserIndex: 2
23/12/2016 08:59:41 p.m. Error en PasarSegundo. Err: El subíndice está fuera del intervalo - 9 - UserIndex: 2
23/12/2016 08:59:41 p.m. Error en PasarSegundo. Err: El subíndice está fuera del intervalo - 9 - UserIndex: 2
23/12/2016 08:59:41 p.m. Error en PasarSegundo. Err: El subíndice está fuera del intervalo - 9 - UserIndex: 2
23/12/2016 08:59:41 p.m. Error en PasarSegundo. Err: El subíndice está fuera del intervalo - 9 - UserIndex: 2
23/12/2016 08:59:41 p.m. Error en PasarSegundo. Err: Desbordamiento - 6 - UserIndex: 2
23/12/2016 08:59:42 p.m. Error en PasarSegundo. Err: El subíndice está fuera del intervalo - 9 - UserIndex: 2
23/12/2016 08:59:42 p.m. Error en PasarSegundo. Err: El subíndice está fuera del intervalo - 9 - UserIndex: 2
23/12/2016 08:59:42 p.m. Error en PasarSegundo. Err: El subíndice está fuera del intervalo - 9 - UserIndex: 2
23/12/2016 08:59:42 p.m. Error en PasarSegundo. Err: El subíndice está fuera del intervalo - 9 - UserIndex: 2
23/12/2016 08:59:42 p.m. Error en PasarSegundo. Err: Desbordamiento - 6 - UserIndex: 2
23/12/2016 08:59:43 p.m. Error en PasarSegundo. Err: El subíndice está fuera del intervalo - 9 - UserIndex: 2
23/12/2016 08:59:43 p.m. Error en PasarSegundo. Err: El subíndice está fuera del intervalo - 9 - UserIndex: 2
23/12/2016 08:59:43 p.m. Error en PasarSegundo. Err: El subíndice está fuera del intervalo - 9 - UserIndex: 2
23/12/2016 08:59:43 p.m. Error en PasarSegundo. Err: El subíndice está fuera del intervalo - 9 - UserIndex: 2
23/12/2016 08:59:43 p.m. Error en PasarSegundo. Err: Desbordamiento - 6 - UserIndex: 2
23/12/2016 08:59:44 p.m. Error en PasarSegundo. Err: El subíndice está fuera del intervalo - 9 - UserIndex: 2
23/12/2016 08:59:44 p.m. Error en PasarSegundo. Err: El subíndice está fuera del intervalo - 9 - UserIndex: 2
23/12/2016 08:59:44 p.m. Error en PasarSegundo. Err: El subíndice está fuera del intervalo - 9 - UserIndex: 2
23/12/2016 08:59:44 p.m. Error en PasarSegundo. Err: El subíndice está fuera del intervalo - 9 - UserIndex: 2
23/12/2016 08:59:44 p.m. Error en PasarSegundo. Err: Desbordamiento - 6 - UserIndex: 2
23/12/2016 08:59:45 p.m. Error en PasarSegundo. Err: El subíndice está fuera del intervalo - 9 - UserIndex: 2
23/12/2016 08:59:45 p.m. Error en PasarSegundo. Err: El subíndice está fuera del intervalo - 9 - UserIndex: 2
23/12/2016 08:59:45 p.m. Error en PasarSegundo. Err: El subíndice está fuera del intervalo - 9 - UserIndex: 2
23/12/2016 08:59:45 p.m. Error en PasarSegundo. Err: El subíndice está fuera del intervalo - 9 - UserIndex: 2
23/12/2016 08:59:45 p.m. Error en PasarSegundo. Err: Desbordamiento - 6 - UserIndex: 2
23/12/2016 09:00:21 p.m. Error cargando mapa: 291 - Pos: 0,0.El subíndice está fuera del intervalo
23/12/2016 09:00:37 p.m. Error cargando mapa: 291 - Pos: 0,0.El subíndice está fuera del intervalo
23/12/2016 09:01:15 p.m. Error cargando mapa: 291 - Pos: 0,0.El subíndice está fuera del intervalo
23/12/2016 09:01:41 p.m. Error cargando mapa: 291 - Pos: 0,0.El subíndice está fuera del intervalo
23/12/2016 09:19:40 p.m. Error cargando mapa: 291 - Pos: 0,0.El subíndice está fuera del intervalo
23/12/2016 09:20:36 p.m. Error cargando mapa: 291 - Pos: 0,0.El subíndice está fuera del intervalo
23/12/2016 09:23:08 p.m. Error cargando mapa: 291 - Pos: 0,0.El subíndice está fuera del intervalo
28/12/2016 05:21:09 p.m. Error cargando mapa: 291 - Pos: 0,0.El subíndice está fuera del intervalo
28/12/2016 05:25:51 p.m. Error cargando mapa: 291 - Pos: 0,0.El subíndice está fuera del intervalo
28/12/2016 05:28:05 p.m. Error cargando mapa: 291 - Pos: 0,0.El subíndice está fuera del intervalo
28/12/2016 05:29:49 p.m. Error cargando mapa: 291 - Pos: 0,0.El subíndice está fuera del intervalo
28/12/2016 05:32:03 p.m. Error cargando mapa: 291 - Pos: 0,0.El subíndice está fuera del intervalo
28/12/2016 05:36:06 p.m. Error cargando mapa: 291 - Pos: 0,0.El subíndice está fuera del intervalo
28/12/2016 05:38:06 p.m. Error cargando mapa: 291 - Pos: 0,0.El subíndice está fuera del intervalo
