18/11/2013 02:46:01 p.m. Se conecto con ip:127.0.0.1
18/11/2013 02:46:14 p.m. Utilizó un teleport hacia el mapa 34 (44,88)
18/11/2013 02:46:18 p.m. /INVISIBLE
18/11/2013 02:46:50 p.m. Se conecto con ip:127.0.0.1
18/11/2013 02:47:09 p.m. Transportó a gs hacia Mapa34 X:38 Y:82
18/11/2013 02:47:20 p.m. Transportó a gs hacia Mapa34 X:27 Y:70
18/11/2013 02:47:20 p.m. Transportó a gs hacia Mapa34 X:21 Y:69
18/11/2013 02:47:20 p.m. Transportó a gs hacia Mapa34 X:17 Y:65
18/11/2013 02:47:56 p.m. Utilizó un teleport hacia el mapa 35 (35,93)
18/11/2013 02:49:18 p.m. Se conecto con ip:127.0.0.1
18/11/2013 02:49:29 p.m. Transportó a gs hacia Mapa35 X:54 Y:68
18/11/2013 02:49:29 p.m. Transportó a gs hacia Mapa35 X:61 Y:69
18/11/2013 02:49:29 p.m. Transportó a gs hacia Mapa35 X:68 Y:69
18/11/2013 02:49:33 p.m. Mensaje a mapa 35:asdaadasdassadasassa asds dasd adas
18/11/2013 02:49:39 p.m. Transportó a gs hacia Mapa35 X:63 Y:65
18/11/2013 02:55:17 p.m. Se conecto con ip:127.0.0.1
18/11/2013 02:55:19 p.m. Transportó a gs hacia Mapa35 X:72 Y:65
18/11/2013 02:56:39 p.m. /INVISIBLE
18/11/2013 02:56:55 p.m. /MOD EXP 9999999  gs
18/11/2013 02:57:01 p.m. /MOD VIDA 4  gs
18/11/2013 02:57:09 p.m. /MOD VIDA 9999  gs
18/11/2013 02:57:23 p.m. /MOD POSS 1-50-50  gs
18/11/2013 02:57:25 p.m. Transportó a gs hacia Mapa1 X:56 Y:47
18/11/2013 03:09:13 p.m. Se conecto con ip:127.0.0.1
18/11/2013 03:09:52 p.m. Se conecto con ip:127.0.0.1
18/11/2013 03:09:54 p.m. Denuncias por consola desactivadas.
18/11/2013 03:10:08 p.m. Denuncias por consola ativadas.
19/11/2013 02:29:49 p.m. Se conecto con ip:127.0.0.1
19/11/2013 02:29:53 p.m. /INVISIBLE
19/11/2013 02:29:57 p.m. Transportó a gs hacia Mapa1 X:66 Y:40
19/11/2013 02:29:57 p.m. Transportó a gs hacia Mapa1 X:71 Y:37
19/11/2013 02:30:08 p.m. /MOD ORO 4000000  gs
19/11/2013 02:30:14 p.m. Transportó a gs hacia Mapa1 X:68 Y:43
19/11/2013 02:30:14 p.m. Transportó a gs hacia Mapa1 X:64 Y:49
19/11/2013 02:30:14 p.m. Transportó a gs hacia Mapa1 X:67 Y:55
19/11/2013 02:30:15 p.m. Transportó a gs hacia Mapa1 X:64 Y:52
19/11/2013 02:30:16 p.m. Transportó a gs hacia Mapa1 X:64 Y:57
19/11/2013 02:30:16 p.m. Transportó a gs hacia Mapa1 X:64 Y:63
19/11/2013 02:30:21 p.m. Transportó a gs hacia Mapa1 X:60 Y:61
19/11/2013 02:30:21 p.m. Transportó a gs hacia Mapa1 X:59 Y:56
19/11/2013 02:30:21 p.m. Transportó a gs hacia Mapa1 X:58 Y:51
19/11/2013 02:30:22 p.m. Transportó a gs hacia Mapa1 X:57 Y:47
19/11/2013 02:30:35 p.m. Utilizó un teleport hacia el mapa 40 (46,8)
20/11/2013 02:46:42 p.m. Se conecto con ip:127.0.0.1
20/11/2013 02:46:52 p.m. Se conecto con ip:127.0.0.1
20/11/2013 02:46:58 p.m. Se conecto con ip:127.0.0.1
20/11/2013 02:47:04 p.m. Se conecto con ip:127.0.0.1
20/11/2013 02:47:07 p.m. /INVISIBLE
20/11/2013 02:47:11 p.m. Transportó a gs hacia Mapa40 X:45 Y:35
20/11/2013 02:47:11 p.m. Transportó a gs hacia Mapa40 X:46 Y:30
20/11/2013 02:47:11 p.m. Transportó a gs hacia Mapa40 X:47 Y:25
20/11/2013 02:47:12 p.m. Transportó a gs hacia Mapa40 X:49 Y:21
20/11/2013 02:47:12 p.m. Transportó a gs hacia Mapa40 X:49 Y:17
20/11/2013 02:47:12 p.m. Transportó a gs hacia Mapa40 X:47 Y:14
20/11/2013 02:47:15 p.m. Se conecto con ip:127.0.0.1
20/11/2013 02:47:17 p.m. /INVISIBLE
20/11/2013 02:48:13 p.m. Se conecto con ip:127.0.0.1
20/11/2013 02:48:14 p.m. Transportó a gs hacia Mapa40 X:46 Y:16
20/11/2013 02:48:17 p.m. Transportó a gs hacia Mapa40 X:48 Y:12
20/11/2013 02:48:20 p.m. Transportó a gs hacia Mapa40 X:47 Y:9
20/11/2013 02:48:20 p.m. Utilizó un teleport hacia el mapa 1 (33,55)
20/11/2013 02:48:23 p.m. Se conecto con ip:127.0.0.1
20/11/2013 02:48:24 p.m. Transportó a gs hacia Mapa1 X:42 Y:52
20/11/2013 02:48:24 p.m. Transportó a gs hacia Mapa1 X:47 Y:48
20/11/2013 02:48:25 p.m. Transportó a gs hacia Mapa1 X:52 Y:43
20/11/2013 02:48:25 p.m. Transportó a gs hacia Mapa1 X:56 Y:45
06/12/2013 11:11:51 a.m. Se conecto con ip:127.0.0.1
06/12/2013 11:11:55 a.m. /INVISIBLE
06/12/2013 11:12:12 a.m. Transportó a gs hacia Mapa1 X:53 Y:47
06/12/2013 11:12:13 a.m. Transportó a gs hacia Mapa1 X:58 Y:42
06/12/2013 11:12:21 a.m. Se conecto con ip:127.0.0.1
06/12/2013 11:12:24 a.m. Transportó a gs hacia Mapa1 X:64 Y:40
06/12/2013 11:12:24 a.m. Transportó a gs hacia Mapa1 X:69 Y:37
06/12/2013 11:12:24 a.m. Transportó a gs hacia Mapa1 X:71 Y:36
06/12/2013 11:12:30 a.m. Transportó a gs hacia Mapa1 X:63 Y:39
06/12/2013 11:13:11 a.m. Se conecto con ip:127.0.0.1
06/12/2013 11:13:17 a.m. Se conecto con ip:127.0.0.1
06/12/2013 11:13:18 a.m. Transportó a gs hacia Mapa1 X:57 Y:44
06/12/2013 11:13:18 a.m. Transportó a gs hacia Mapa1 X:56 Y:49
06/12/2013 11:13:19 a.m. Transportó a gs hacia Mapa1 X:53 Y:50
06/12/2013 11:13:21 a.m. Transportó a gs hacia Mapa1 X:53 Y:53
06/12/2013 11:13:21 a.m. Transportó a gs hacia Mapa1 X:52 Y:56
06/12/2013 11:13:21 a.m. Transportó a gs hacia Mapa1 X:50 Y:60
06/12/2013 11:13:22 a.m. Transportó a gs hacia Mapa1 X:46 Y:65
06/12/2013 11:13:26 a.m. Transportó a gs hacia Mapa1 X:47 Y:65
06/12/2013 11:13:26 a.m. Transportó a gs hacia Mapa1 X:47 Y:69
06/12/2013 11:13:27 a.m. Transportó a gs hacia Mapa1 X:48 Y:72
06/12/2013 11:13:27 a.m. Transportó a gs hacia Mapa1 X:50 Y:77
06/12/2013 11:13:27 a.m. Transportó a gs hacia Mapa1 X:53 Y:82
06/12/2013 11:13:27 a.m. Transportó a gs hacia Mapa1 X:55 Y:88
06/12/2013 11:13:28 a.m. Utilizó un teleport hacia el mapa 2 (55,8)
06/12/2013 11:13:32 a.m. Sumoneó a Araña Gigante en mapa 2
06/12/2013 11:13:47 a.m. Utilizó un teleport hacia el mapa 1 (51,93)
06/12/2013 11:13:48 a.m. Transportó a gs hacia Mapa1 X:52 Y:88
06/12/2013 11:13:48 a.m. Transportó a gs hacia Mapa1 X:51 Y:83
06/12/2013 11:13:48 a.m. Transportó a gs hacia Mapa1 X:49 Y:77
06/12/2013 11:13:48 a.m. Transportó a gs hacia Mapa1 X:50 Y:72
06/12/2013 11:13:48 a.m. Transportó a gs hacia Mapa1 X:52 Y:66
06/12/2013 11:13:49 a.m. Transportó a gs hacia Mapa1 X:54 Y:60
06/12/2013 11:13:49 a.m. Transportó a gs hacia Mapa1 X:54 Y:54
06/12/2013 11:13:49 a.m. Transportó a gs hacia Mapa1 X:54 Y:49
06/12/2013 11:13:50 a.m. Transportó a gs hacia Mapa1 X:57 Y:46
06/12/2013 11:17:09 a.m. Se conecto con ip:127.0.0.1
06/12/2013 11:17:26 a.m. Se conecto con ip:127.0.0.1
06/12/2013 11:19:16 a.m. Se conecto con ip:127.0.0.1
06/12/2013 11:24:23 a.m. Se conecto con ip:127.0.0.1
06/12/2013 11:24:29 a.m. Se conecto con ip:127.0.0.1
06/12/2013 11:24:43 a.m. Se conecto con ip:127.0.0.1
06/12/2013 11:28:04 a.m. Se conecto con ip:127.0.0.1
06/12/2013 11:28:45 a.m. Se conecto con ip:127.0.0.1
06/12/2013 11:29:17 a.m. Se conecto con ip:127.0.0.1
06/12/2013 12:32:21 p.m. Se conecto con ip:127.0.0.1
06/12/2013 12:32:28 p.m. /INVISIBLE
06/12/2013 12:33:10 p.m. Se conecto con ip:127.0.0.1
06/12/2013 12:33:17 p.m. /INVISIBLE
06/12/2013 12:33:20 p.m. /MIMETIZAR con Banquero en mapa 1
06/12/2013 12:33:29 p.m. Sumoneó a Araña Gigante en mapa 1
06/12/2013 12:33:31 p.m. /MIMETIZAR con Araña Gigante en mapa 1
06/12/2013 12:33:39 p.m. Transportó a gs hacia Mapa1 X:60 Y:42
06/12/2013 12:33:39 p.m. Transportó a gs hacia Mapa1 X:66 Y:38
06/12/2013 12:33:40 p.m. Transportó a gs hacia Mapa1 X:73 Y:35
06/12/2013 12:33:41 p.m. /MIMETIZAR con Sastre en mapa 1
06/12/2013 12:33:42 p.m. Transportó a gs hacia Mapa1 X:67 Y:40
06/12/2013 12:33:49 p.m. Transportó a gs hacia Mapa1 X:49 Y:57
06/12/2013 12:33:50 p.m. Transportó a gs hacia Mapa1 X:46 Y:56
06/12/2013 12:33:50 p.m. Transportó a gs hacia Mapa1 X:41 Y:51
06/12/2013 12:33:51 p.m. Transportó a gs hacia Mapa1 X:35 Y:52
06/12/2013 12:33:51 p.m. Utilizó un teleport hacia el mapa 40 (46,8)
06/12/2013 12:33:51 p.m. Transportó a gs hacia Mapa1 X:34 Y:53
06/12/2013 12:33:51 p.m. Utilizó un teleport hacia el mapa 1 (32,55)
06/12/2013 12:33:53 p.m. Utilizó un teleport hacia el mapa 40 (46,8)
06/12/2013 12:33:53 p.m. Transportó a gs hacia Mapa40 X:46 Y:13
06/12/2013 12:33:54 p.m. Transportó a gs hacia Mapa40 X:46 Y:20
06/12/2013 12:33:54 p.m. Transportó a gs hacia Mapa40 X:46 Y:26
06/12/2013 12:33:54 p.m. Transportó a gs hacia Mapa40 X:45 Y:32
06/12/2013 12:33:54 p.m. Transportó a gs hacia Mapa40 X:47 Y:29
06/12/2013 12:33:55 p.m. Transportó a gs hacia Mapa40 X:47 Y:33
06/12/2013 12:34:02 p.m. Transportó a gs hacia Mapa40 X:45 Y:20
06/12/2013 12:34:02 p.m. Transportó a gs hacia Mapa40 X:45 Y:13
06/12/2013 12:34:03 p.m. Utilizó un teleport hacia el mapa 1 (32,55)
06/12/2013 12:34:03 p.m. Transportó a gs hacia Mapa40 X:46 Y:7
06/12/2013 12:34:04 p.m. Utilizó un teleport hacia el mapa 40 (46,8)
06/12/2013 12:34:04 p.m. Utilizó un teleport hacia el mapa 1 (32,55)
06/12/2013 12:34:05 p.m. Transportó a gs hacia Mapa1 X:39 Y:57
06/12/2013 12:34:05 p.m. Transportó a gs hacia Mapa1 X:47 Y:56
06/12/2013 12:34:05 p.m. Transportó a gs hacia Mapa1 X:55 Y:54
06/12/2013 12:34:05 p.m. Transportó a gs hacia Mapa1 X:62 Y:52
06/12/2013 12:34:05 p.m. Transportó a gs hacia Mapa1 X:63 Y:48
06/12/2013 12:34:06 p.m. Transportó a gs hacia Mapa1 X:60 Y:48
06/12/2013 12:34:11 p.m. Transportó a gs hacia Mapa1 X:61 Y:46
06/12/2013 12:34:11 p.m. Transportó a gs hacia Mapa1 X:66 Y:41
06/12/2013 12:34:11 p.m. Transportó a gs hacia Mapa1 X:72 Y:36
06/12/2013 12:34:11 p.m. Transportó a gs hacia Mapa1 X:78 Y:31
06/12/2013 12:34:12 p.m. Transportó a gs hacia Mapa1 X:80 Y:27
06/12/2013 12:34:13 p.m. Utilizó un teleport hacia el mapa 286 (50,65)
06/12/2013 12:34:15 p.m. Transportó a gs hacia Mapa286 X:43 Y:63
06/12/2013 12:34:15 p.m. Utilizó un teleport hacia el mapa 34 (44,88)
06/12/2013 12:34:16 p.m. Transportó a gs hacia Mapa34 X:51 Y:84
06/12/2013 12:34:16 p.m. Transportó a gs hacia Mapa34 X:56 Y:79
06/12/2013 01:22:31 p.m. Se conecto con ip:127.0.0.1
06/12/2013 01:22:33 p.m. Transportó a gs hacia Mapa34 X:25 Y:85
06/12/2013 01:22:33 p.m. Transportó a gs hacia Mapa34 X:30 Y:81
06/12/2013 01:22:33 p.m. Transportó a gs hacia Mapa34 X:34 Y:76
06/12/2013 01:22:33 p.m. Transportó a gs hacia Mapa34 X:35 Y:71
06/12/2013 01:22:41 p.m. /CT 60,50,50,0
06/12/2013 01:22:41 p.m. Utilizó un teleport hacia el mapa 60 (50,50)
06/12/2013 01:22:44 p.m. /INVISIBLE
06/12/2013 01:22:45 p.m. Transportó a gs hacia Mapa60 X:56 Y:42
06/12/2013 01:22:45 p.m. Transportó a gs hacia Mapa60 X:62 Y:36
06/12/2013 01:22:45 p.m. Transportó a gs hacia Mapa60 X:69 Y:31
06/12/2013 01:22:46 p.m. Transportó a gs hacia Mapa60 X:72 Y:28
06/12/2013 01:22:46 p.m. Transportó a gs hacia Mapa60 X:76 Y:24
06/12/2013 01:22:47 p.m. Transportó a gs hacia Mapa60 X:76 Y:20
06/12/2013 01:22:56 p.m. /MOD CRI 4545  gs
06/12/2013 01:23:11 p.m. Transportó a gs hacia Mapa60 X:71 Y:18
06/12/2013 01:23:11 p.m. Transportó a gs hacia Mapa60 X:70 Y:13
06/12/2013 01:23:12 p.m. Transportó a gs hacia Mapa60 X:64 Y:9
06/12/2013 01:23:12 p.m. Transportó a gs hacia Mapa60 X:59 Y:9
06/12/2013 01:23:13 p.m. Transportó a gs hacia Mapa60 X:65 Y:8
06/12/2013 01:23:14 p.m. Transportó a gs hacia Mapa60 X:58 Y:8
06/12/2013 01:23:14 p.m. Transportó a gs hacia Mapa60 X:55 Y:9
06/12/2013 01:23:14 p.m. Transportó a gs hacia Mapa60 X:53 Y:12
06/12/2013 01:23:16 p.m. Utilizó un teleport hacia el mapa 61 (53,93)
06/12/2013 01:23:19 p.m. Utilizó un teleport hacia el mapa 60 (51,8)
06/12/2013 01:23:23 p.m. Transportó a gs hacia Mapa60 X:51 Y:20
06/12/2013 01:23:23 p.m. Transportó a gs hacia Mapa60 X:50 Y:25
06/12/2013 01:23:23 p.m. Transportó a gs hacia Mapa60 X:47 Y:30
06/12/2013 01:23:23 p.m. Transportó a gs hacia Mapa60 X:45 Y:35
06/12/2013 01:23:24 p.m. Transportó a gs hacia Mapa60 X:47 Y:40
06/12/2013 01:23:24 p.m. Transportó a gs hacia Mapa60 X:51 Y:45
06/12/2013 01:23:24 p.m. Transportó a gs hacia Mapa60 X:54 Y:49
06/12/2013 01:23:24 p.m. Transportó a gs hacia Mapa60 X:47 Y:49
06/12/2013 01:23:24 p.m. Transportó a gs hacia Mapa60 X:40 Y:44
06/12/2013 01:23:25 p.m. Transportó a gs hacia Mapa60 X:40 Y:43
06/12/2013 01:23:25 p.m. Transportó a gs hacia Mapa60 X:39 Y:47
06/12/2013 01:23:25 p.m. Transportó a gs hacia Mapa60 X:38 Y:53
06/12/2013 01:23:25 p.m. Transportó a gs hacia Mapa60 X:37 Y:58
06/12/2013 01:23:25 p.m. Transportó a gs hacia Mapa60 X:39 Y:64
06/12/2013 01:23:26 p.m. Transportó a gs hacia Mapa60 X:33 Y:61
06/12/2013 01:23:26 p.m. Transportó a gs hacia Mapa60 X:28 Y:60
06/12/2013 01:23:29 p.m. Agarro:5000 Objeto:Minerales de Oro
06/12/2013 01:23:29 p.m. Agarro:1 Objeto:Copa de Plata
06/12/2013 01:23:29 p.m. Agarro:5000 Objeto:Minerales de Plata
06/12/2013 01:23:30 p.m. Agarro:1 Objeto:Copa de Plata
06/12/2013 01:23:30 p.m. Agarro:5000 Objeto:Minerales de Oro
06/12/2013 01:23:31 p.m. Agarro:5000 Objeto:Minerales de Oro
06/12/2013 01:23:31 p.m. Agarro:5000 Objeto:Minerales de Oro
06/12/2013 01:23:31 p.m. Agarro:5000 Objeto:Minerales de Plata
06/12/2013 01:23:34 p.m. Transportó a gs hacia Mapa60 X:28 Y:65
06/12/2013 01:23:34 p.m. Transportó a gs hacia Mapa60 X:28 Y:69
06/12/2013 01:23:35 p.m. Transportó a gs hacia Mapa60 X:28 Y:73
06/12/2013 01:23:35 p.m. Transportó a gs hacia Mapa60 X:28 Y:76
06/12/2013 01:23:36 p.m. Transportó a gs hacia Mapa60 X:30 Y:79
06/12/2013 01:23:37 p.m. Transportó a gs hacia Mapa60 X:33 Y:84
06/12/2013 01:23:37 p.m. Transportó a gs hacia Mapa60 X:36 Y:82
06/12/2013 01:23:40 p.m. Transportó a gs hacia Mapa60 X:46 Y:83
06/12/2013 01:23:40 p.m. Transportó a gs hacia Mapa60 X:49 Y:86
06/12/2013 01:23:41 p.m. Transportó a gs hacia Mapa60 X:50 Y:89
06/12/2013 01:23:41 p.m. Transportó a gs hacia Mapa60 X:49 Y:94
06/12/2013 01:23:42 p.m. Transportó a gs hacia Mapa60 X:53 Y:93
06/12/2013 01:23:42 p.m. Utilizó un teleport hacia el mapa 59 (53,8)
06/12/2013 01:23:44 p.m. Tiró cantidad:1 Objeto:Copa de Plata
06/12/2013 01:23:45 p.m. Agarro:1 Objeto:Copa de Plata
06/12/2013 01:23:46 p.m. Transportó a gs hacia Mapa59 X:54 Y:19
06/12/2013 01:23:46 p.m. Transportó a gs hacia Mapa59 X:52 Y:25
06/12/2013 01:23:46 p.m. Transportó a gs hacia Mapa59 X:50 Y:30
06/12/2013 01:23:46 p.m. Transportó a gs hacia Mapa59 X:48 Y:34
06/12/2013 01:23:46 p.m. Transportó a gs hacia Mapa59 X:46 Y:39
06/12/2013 01:23:48 p.m. Utilizó un teleport hacia el mapa 286 (50,65)
06/12/2013 01:23:52 p.m. Utilizó un teleport hacia el mapa 62 (72,40)
06/12/2013 01:24:18 p.m. Transportó a gs hacia Mapa62 X:67 Y:43
06/12/2013 01:24:18 p.m. Transportó a gs hacia Mapa62 X:70 Y:48
06/12/2013 01:24:18 p.m. Transportó a gs hacia Mapa62 X:67 Y:53
06/12/2013 01:24:18 p.m. Transportó a gs hacia Mapa62 X:71 Y:52
06/12/2013 01:24:19 p.m. Transportó a gs hacia Mapa62 X:66 Y:56
06/12/2013 01:24:19 p.m. Transportó a gs hacia Mapa62 X:59 Y:61
06/12/2013 01:24:20 p.m. Transportó a gs hacia Mapa62 X:54 Y:63
06/12/2013 01:24:20 p.m. Transportó a gs hacia Mapa62 X:49 Y:65
06/12/2013 01:24:20 p.m. Transportó a gs hacia Mapa62 X:45 Y:60
06/12/2013 01:24:44 p.m. Transportó a gs hacia Mapa62 X:46 Y:70
06/12/2013 01:24:44 p.m. Transportó a gs hacia Mapa62 X:43 Y:75
06/12/2013 01:24:46 p.m. Utilizó un teleport hacia el mapa 286 (50,65)
06/12/2013 01:24:46 p.m. Transportó a gs hacia Mapa62 X:52 Y:73
06/12/2013 01:24:47 p.m. Transportó a gs hacia Mapa286 X:45 Y:61
06/12/2013 01:24:47 p.m. Transportó a gs hacia Mapa286 X:39 Y:57
06/12/2013 01:24:48 p.m. Utilizó un teleport hacia el mapa 34 (44,88)
06/12/2013 01:24:48 p.m. Transportó a gs hacia Mapa286 X:41 Y:62
06/12/2013 01:24:48 p.m. Transportó a gs hacia Mapa34 X:40 Y:84
06/12/2013 01:24:48 p.m. Transportó a gs hacia Mapa34 X:38 Y:78
06/12/2013 01:24:48 p.m. Transportó a gs hacia Mapa34 X:40 Y:73
06/12/2013 01:24:49 p.m. Transportó a gs hacia Mapa34 X:41 Y:69
06/12/2013 01:24:49 p.m. Transportó a gs hacia Mapa34 X:37 Y:64
06/12/2013 01:24:49 p.m. Transportó a gs hacia Mapa34 X:33 Y:66
06/12/2013 01:24:49 p.m. Transportó a gs hacia Mapa34 X:31 Y:69
06/12/2013 01:24:50 p.m. Transportó a gs hacia Mapa34 X:28 Y:71
06/12/2013 01:24:50 p.m. Transportó a gs hacia Mapa34 X:33 Y:65
06/12/2013 01:24:50 p.m. Transportó a gs hacia Mapa34 X:37 Y:60
06/12/2013 01:24:53 p.m. Transportó a gs hacia Mapa1 X:50 Y:50
06/12/2013 01:24:54 p.m. Transportó a gs hacia Mapa1 X:57 Y:46
06/12/2013 01:50:55 p.m. Se conecto con ip:127.0.0.1
06/12/2013 01:51:02 p.m. Se conecto con ip:127.0.0.1
06/12/2013 01:51:21 p.m. Se conecto con ip:127.0.0.1
06/12/2013 01:52:40 p.m. Se conecto con ip:127.0.0.1
06/12/2013 01:52:52 p.m. Se conecto con ip:127.0.0.1
06/12/2013 01:52:57 p.m. Se conecto con ip:127.0.0.1
06/12/2013 01:53:35 p.m. Se conecto con ip:127.0.0.1
06/12/2013 01:55:29 p.m. Se conecto con ip:127.0.0.1
06/12/2013 01:56:28 p.m. Se conecto con ip:127.0.0.1
06/12/2013 01:56:34 p.m. Se conecto con ip:127.0.0.1
06/12/2013 01:59:56 p.m. Se conecto con ip:127.0.0.1
06/12/2013 02:01:33 p.m. Se conecto con ip:127.0.0.1
06/12/2013 02:01:37 p.m. /INVISIBLE
06/12/2013 02:01:44 p.m. Transportó a gs hacia Mapa1 X:54 Y:48
06/12/2013 02:01:45 p.m. Transportó a gs hacia Mapa1 X:59 Y:46
07/12/2013 04:24:17 p.m. Se conecto con ip:127.0.0.1
07/12/2013 04:24:36 p.m. /INVISIBLE
07/12/2013 04:24:52 p.m. Transportó a gs hacia Mapa1 X:57 Y:45
07/12/2013 04:24:52 p.m. Transportó a gs hacia Mapa1 X:54 Y:46
07/12/2013 04:24:53 p.m. Transportó a gs hacia Mapa1 X:52 Y:52
07/12/2013 04:24:54 p.m. Transportó a gs hacia Mapa1 X:49 Y:57
07/12/2013 04:24:54 p.m. Transportó a gs hacia Mapa1 X:48 Y:55
07/12/2013 04:24:54 p.m. Transportó a gs hacia Mapa1 X:50 Y:52
07/12/2013 04:24:56 p.m. Transportó a gs hacia Mapa1 X:47 Y:55
07/12/2013 04:24:56 p.m. Transportó a gs hacia Mapa1 X:44 Y:60
07/12/2013 04:24:56 p.m. Transportó a gs hacia Mapa1 X:44 Y:65
07/12/2013 04:24:57 p.m. Transportó a gs hacia Mapa1 X:37 Y:63
07/12/2013 04:24:57 p.m. Transportó a gs hacia Mapa1 X:32 Y:62
07/12/2013 04:25:01 p.m. Transportó a gs hacia Mapa1 X:30 Y:59
07/12/2013 04:25:01 p.m. Transportó a gs hacia Mapa1 X:31 Y:55
07/12/2013 04:25:01 p.m. Transportó a gs hacia Mapa1 X:33 Y:50
07/12/2013 04:25:02 p.m. Transportó a gs hacia Mapa1 X:36 Y:44
07/12/2013 04:25:02 p.m. Transportó a gs hacia Mapa1 X:41 Y:41
07/12/2013 04:25:03 p.m. Transportó a gs hacia Mapa1 X:33 Y:40
07/12/2013 04:25:03 p.m. Transportó a gs hacia Mapa1 X:29 Y:36
07/12/2013 04:25:07 p.m. Transportó a gs hacia Mapa1 X:34 Y:35
07/12/2013 04:25:07 p.m. Transportó a gs hacia Mapa1 X:41 Y:36
07/12/2013 04:25:07 p.m. Transportó a gs hacia Mapa1 X:47 Y:36
07/12/2013 04:25:07 p.m. Transportó a gs hacia Mapa1 X:50 Y:37
07/12/2013 04:25:08 p.m. Transportó a gs hacia Mapa1 X:52 Y:40
07/12/2013 04:25:08 p.m. Transportó a gs hacia Mapa1 X:53 Y:43
07/12/2013 04:25:08 p.m. Transportó a gs hacia Mapa1 X:58 Y:45
07/12/2013 04:25:47 p.m. Denuncias por consola desactivadas.
07/12/2013 04:25:53 p.m. Denuncias por consola ativadas.
07/12/2013 04:26:07 p.m. Transportó a gs hacia Mapa1 X:63 Y:48
07/12/2013 04:26:07 p.m. Transportó a gs hacia Mapa1 X:63 Y:52
07/12/2013 04:26:08 p.m. Transportó a gs hacia Mapa1 X:65 Y:56
07/12/2013 04:26:08 p.m. Transportó a gs hacia Mapa1 X:67 Y:60
07/12/2013 04:26:08 p.m. Transportó a gs hacia Mapa1 X:75 Y:61
07/12/2013 04:26:12 p.m. Transportó a gs hacia Mapa1 X:74 Y:73
07/12/2013 04:26:12 p.m. Transportó a gs hacia Mapa1 X:68 Y:77
07/12/2013 04:26:12 p.m. Transportó a gs hacia Mapa1 X:62 Y:82
07/12/2013 04:26:12 p.m. Transportó a gs hacia Mapa1 X:60 Y:88
07/12/2013 04:26:13 p.m. Transportó a gs hacia Mapa1 X:57 Y:90
07/12/2013 04:26:13 p.m. Utilizó un teleport hacia el mapa 2 (57,8)
08/12/2013 07:11:37 p.m. Se conecto con ip:127.0.0.1
08/12/2013 07:12:09 p.m. Transportó a gs hacia Mapa2 X:40 Y:89
08/12/2013 07:12:10 p.m. Transportó a gs hacia Mapa2 X:35 Y:87
08/12/2013 07:12:10 p.m. Transportó a gs hacia Mapa2 X:32 Y:82
08/12/2013 07:12:10 p.m. Transportó a gs hacia Mapa2 X:27 Y:87
08/12/2013 07:12:14 p.m. /INVISIBLE
08/12/2013 07:12:21 p.m. /CI: 536 en mapa 2 (29,92)
08/12/2013 07:12:24 p.m. Agarro:100 Objeto:Invocar Elemental de Fuego
08/12/2013 07:12:27 p.m. /CI: 537 en mapa 2 (29,92)
08/12/2013 07:12:28 p.m. Agarro:100 Objeto:Invocar Elemental de Agua
08/12/2013 07:13:06 p.m. /MOD EXP 9999999  gs
08/12/2013 07:13:06 p.m. /MOD EXP 9999999  gs
08/12/2013 07:13:06 p.m. /MOD EXP 9999999  gs
08/12/2013 07:13:06 p.m. /MOD EXP 9999999  gs
08/12/2013 07:13:07 p.m. /MOD EXP 9999999  gs
08/12/2013 07:13:07 p.m. /MOD EXP 9999999  gs
08/12/2013 07:13:07 p.m. /MOD EXP 9999999  gs
08/12/2013 07:13:07 p.m. /MOD EXP 9999999  gs
08/12/2013 07:13:07 p.m. /MOD EXP 9999999  gs
08/12/2013 07:13:07 p.m. /MOD EXP 9999999  gs
08/12/2013 07:13:07 p.m. /MOD EXP 9999999  gs
08/12/2013 07:13:08 p.m. /MOD EXP 9999999  gs
08/12/2013 07:13:08 p.m. /MOD EXP 9999999  gs
08/12/2013 07:13:08 p.m. /MOD EXP 9999999  gs
08/12/2013 07:13:08 p.m. /MOD EXP 9999999  gs
08/12/2013 07:13:08 p.m. /MOD EXP 9999999  gs
08/12/2013 07:13:08 p.m. /MOD EXP 9999999  gs
08/12/2013 07:13:08 p.m. /MOD EXP 9999999  gs
08/12/2013 07:13:09 p.m. /MOD EXP 9999999  gs
08/12/2013 07:13:09 p.m. /MOD EXP 9999999  gs
08/12/2013 07:13:09 p.m. /MOD EXP 9999999  gs
08/12/2013 07:13:09 p.m. /MOD EXP 9999999  gs
08/12/2013 07:13:09 p.m. /MOD EXP 9999999  gs
08/12/2013 07:13:09 p.m. /MOD EXP 9999999  gs
08/12/2013 07:13:10 p.m. /MOD EXP 9999999  gs
08/12/2013 07:13:10 p.m. /MOD EXP 9999999  gs
08/12/2013 07:13:10 p.m. /MOD EXP 9999999  gs
08/12/2013 07:13:10 p.m. /MOD EXP 9999999  gs
08/12/2013 07:13:10 p.m. /MOD EXP 9999999  gs
08/12/2013 07:13:10 p.m. /MOD EXP 9999999  gs
08/12/2013 07:13:11 p.m. /MOD EXP 9999999  gs
08/12/2013 07:13:11 p.m. /MOD EXP 9999999  gs
08/12/2013 07:13:11 p.m. /MOD EXP 9999999  gs
08/12/2013 07:13:11 p.m. /MOD EXP 9999999  gs
08/12/2013 07:13:11 p.m. /MOD EXP 9999999  gs
08/12/2013 07:13:12 p.m. /MOD EXP 9999999  gs
08/12/2013 07:13:12 p.m. /MOD EXP 9999999  gs
08/12/2013 07:13:12 p.m. /MOD EXP 9999999  gs
08/12/2013 07:13:12 p.m. /MOD EXP 9999999  gs
08/12/2013 07:13:12 p.m. /MOD EXP 9999999  gs
08/12/2013 07:13:14 p.m. /MOD EXP 9999999  gs
08/12/2013 07:13:14 p.m. /MOD EXP 9999999  gs
08/12/2013 07:13:14 p.m. /MOD EXP 9999999  gs
08/12/2013 07:13:14 p.m. /MOD EXP 9999999  gs
08/12/2013 07:13:14 p.m. /MOD EXP 9999999  gs
08/12/2013 07:13:15 p.m. /MOD EXP 9999999  gs
08/12/2013 07:13:15 p.m. /MOD EXP 9999999  gs
08/12/2013 07:13:15 p.m. /MOD EXP 9999999  gs
08/12/2013 07:13:15 p.m. /MOD EXP 9999999  gs
08/12/2013 07:13:15 p.m. /MOD EXP 9999999  gs
08/12/2013 07:13:15 p.m. /MOD EXP 9999999  gs
08/12/2013 07:13:19 p.m. Utilizó un teleport hacia el mapa 3 (29,8)
08/12/2013 07:13:31 p.m. Utilizó un teleport hacia el mapa 2 (30,93)
08/12/2013 07:13:35 p.m. Utilizó un teleport hacia el mapa 3 (29,8)
08/12/2013 07:13:41 p.m. Utilizó un teleport hacia el mapa 2 (27,93)
08/12/2013 07:13:47 p.m. /CI: 534 en mapa 2 (25,87)
08/12/2013 07:13:48 p.m. Agarro:100 Objeto:Odre Vacía
08/12/2013 07:13:50 p.m. /CI: 535 en mapa 2 (25,87)
08/12/2013 07:13:57 p.m. /CI: 537 en mapa 2 (24,87)
08/12/2013 07:13:57 p.m. Agarro:100 Objeto:Invocar Elemental de Agua
08/12/2013 07:14:00 p.m. Transportó a gs hacia Mapa2 X:27 Y:82
08/12/2013 07:14:00 p.m. Transportó a gs hacia Mapa2 X:32 Y:76
08/12/2013 07:14:00 p.m. Transportó a gs hacia Mapa2 X:37 Y:71
08/12/2013 07:14:01 p.m. Transportó a gs hacia Mapa2 X:44 Y:66
08/12/2013 07:14:09 p.m. Transportó a gs hacia Mapa60 X:50 Y:50
08/12/2013 07:14:09 p.m. Transportó a gs hacia Mapa60 X:55 Y:52
08/12/2013 07:14:10 p.m. Transportó a gs hacia Mapa60 X:59 Y:56
08/12/2013 07:14:10 p.m. Transportó a gs hacia Mapa60 X:60 Y:63
08/12/2013 07:14:10 p.m. Transportó a gs hacia Mapa60 X:58 Y:68
08/12/2013 07:14:10 p.m. Transportó a gs hacia Mapa60 X:53 Y:73
08/12/2013 07:14:11 p.m. Transportó a gs hacia Mapa60 X:50 Y:77
08/12/2013 07:14:11 p.m. Transportó a gs hacia Mapa60 X:57 Y:81
08/12/2013 07:14:11 p.m. Transportó a gs hacia Mapa60 X:64 Y:84
08/12/2013 07:14:11 p.m. Transportó a gs hacia Mapa60 X:66 Y:88
08/12/2013 07:14:12 p.m. Transportó a gs hacia Mapa60 X:65 Y:92
08/12/2013 07:14:12 p.m. Utilizó un teleport hacia el mapa 59 (65,8)
08/12/2013 07:14:12 p.m. Transportó a gs hacia Mapa59 X:68 Y:13
08/12/2013 07:14:13 p.m. Transportó a gs hacia Mapa59 X:72 Y:19
08/12/2013 07:14:13 p.m. Transportó a gs hacia Mapa59 X:74 Y:23
08/12/2013 07:14:13 p.m. Transportó a gs hacia Mapa59 X:77 Y:28
08/12/2013 07:14:13 p.m. Transportó a gs hacia Mapa59 X:79 Y:34
08/12/2013 07:14:13 p.m. Transportó a gs hacia Mapa59 X:82 Y:38
08/12/2013 07:14:13 p.m. Transportó a gs hacia Mapa59 X:86 Y:42
08/12/2013 07:14:14 p.m. Transportó a gs hacia Mapa59 X:89 Y:47
08/12/2013 07:14:14 p.m. Transportó a gs hacia Mapa59 X:92 Y:52
08/12/2013 07:14:14 p.m. Transportó a gs hacia Mapa59 X:92 Y:57
08/12/2013 07:14:14 p.m. Transportó a gs hacia Mapa59 X:89 Y:60
08/12/2013 07:14:43 p.m. Transportó a gs hacia Mapa59 X:82 Y:58
08/12/2013 07:14:43 p.m. Transportó a gs hacia Mapa59 X:80 Y:54
08/12/2013 07:14:43 p.m. Transportó a gs hacia Mapa59 X:76 Y:56
08/12/2013 07:14:46 p.m. Transportó a gs hacia Mapa59 X:73 Y:54
08/12/2013 07:14:47 p.m. Transportó a gs hacia Mapa59 X:71 Y:48
08/12/2013 07:14:47 p.m. Transportó a gs hacia Mapa59 X:69 Y:42
08/12/2013 07:14:48 p.m. Transportó a gs hacia Mapa59 X:73 Y:46
08/12/2013 07:14:48 p.m. Transportó a gs hacia Mapa59 X:72 Y:49
08/12/2013 07:14:48 p.m. Transportó a gs hacia Mapa59 X:72 Y:54
08/12/2013 07:14:49 p.m. Transportó a gs hacia Mapa59 X:74 Y:58
08/12/2013 07:14:49 p.m. Transportó a gs hacia Mapa59 X:72 Y:62
08/12/2013 07:14:49 p.m. Transportó a gs hacia Mapa59 X:69 Y:66
08/12/2013 07:14:50 p.m. Transportó a gs hacia Mapa59 X:64 Y:67
08/12/2013 07:14:50 p.m. Transportó a gs hacia Mapa59 X:60 Y:70
08/12/2013 07:14:50 p.m. Transportó a gs hacia Mapa59 X:55 Y:74
08/12/2013 07:14:50 p.m. Transportó a gs hacia Mapa59 X:49 Y:76
08/12/2013 07:14:51 p.m. Transportó a gs hacia Mapa59 X:47 Y:70
08/12/2013 07:14:51 p.m. Transportó a gs hacia Mapa59 X:46 Y:64
08/12/2013 07:14:52 p.m. Transportó a gs hacia Mapa59 X:44 Y:67
08/12/2013 07:14:52 p.m. Transportó a gs hacia Mapa59 X:43 Y:72
08/12/2013 07:14:52 p.m. Transportó a gs hacia Mapa59 X:42 Y:78
08/12/2013 07:14:52 p.m. Transportó a gs hacia Mapa59 X:41 Y:85
08/12/2013 07:14:52 p.m. Transportó a gs hacia Mapa59 X:41 Y:91
08/12/2013 07:14:53 p.m. Utilizó un teleport hacia el mapa 58 (41,8)
08/12/2013 07:14:57 p.m. Utilizó un teleport hacia el mapa 59 (42,93)
08/12/2013 07:14:58 p.m. Utilizó un teleport hacia el mapa 58 (42,8)
08/12/2013 07:16:26 p.m. Transportó a gs hacia Mapa58 X:44 Y:25
08/12/2013 07:16:26 p.m. Transportó a gs hacia Mapa58 X:45 Y:29
08/12/2013 07:16:26 p.m. Transportó a gs hacia Mapa58 X:45 Y:32
08/12/2013 07:16:26 p.m. Transportó a gs hacia Mapa58 X:44 Y:35
08/12/2013 07:16:26 p.m. Transportó a gs hacia Mapa58 X:40 Y:35
08/12/2013 07:16:27 p.m. Transportó a gs hacia Mapa58 X:36 Y:32
08/12/2013 07:16:27 p.m. Transportó a gs hacia Mapa58 X:36 Y:32
08/12/2013 07:16:29 p.m. Transportó a gs hacia Mapa58 X:38 Y:24
08/12/2013 07:16:29 p.m. Transportó a gs hacia Mapa58 X:40 Y:19
08/12/2013 07:16:29 p.m. Transportó a gs hacia Mapa58 X:43 Y:14
08/12/2013 07:16:31 p.m. Utilizó un teleport hacia el mapa 59 (43,93)
08/12/2013 07:16:32 p.m. Transportó a gs hacia Mapa59 X:43 Y:85
08/12/2013 07:16:32 p.m. Transportó a gs hacia Mapa59 X:43 Y:80
08/12/2013 07:16:32 p.m. Transportó a gs hacia Mapa59 X:43 Y:73
08/12/2013 07:16:32 p.m. Transportó a gs hacia Mapa59 X:43 Y:67
08/12/2013 07:16:32 p.m. Transportó a gs hacia Mapa59 X:41 Y:61
08/12/2013 07:16:32 p.m. Transportó a gs hacia Mapa59 X:40 Y:55
08/12/2013 07:16:33 p.m. Transportó a gs hacia Mapa59 X:42 Y:50
08/12/2013 07:16:33 p.m. Transportó a gs hacia Mapa59 X:44 Y:45
08/12/2013 07:16:33 p.m. Transportó a gs hacia Mapa59 X:48 Y:44
08/12/2013 07:16:44 p.m. /CT 1,50,50,0
08/12/2013 07:16:44 p.m. Utilizó un teleport hacia el mapa 1 (50,50)
08/12/2013 07:16:45 p.m. Transportó a gs hacia Mapa1 X:55 Y:46
08/12/2013 07:16:45 p.m. Transportó a gs hacia Mapa1 X:57 Y:45
08/12/2013 07:49:39 p.m. Se conecto con ip:127.0.0.1
08/12/2013 07:49:43 p.m. /INVISIBLE
08/12/2013 07:49:45 p.m. Sumoneó a Araña Gigante en mapa 1
08/12/2013 07:49:48 p.m. /CI: 552 en mapa 1 (59,49)
08/12/2013 07:49:48 p.m. Agarro:100 Objeto:Flecha +2
08/12/2013 07:49:51 p.m. /CI: 553 en mapa 1 (60,48)
08/12/2013 07:49:51 p.m. Agarro:100 Objeto:Flecha +3
08/12/2013 07:49:53 p.m. /CI: 554 en mapa 1 (60,48)
08/12/2013 07:49:58 p.m. /CI: 551 en mapa 1 (61,48)
08/12/2013 07:49:59 p.m. Agarro:100 Objeto:Flecha +1
08/12/2013 07:50:18 p.m. /CI: 665 en mapa 1 (59,48)
08/12/2013 07:50:19 p.m. Agarro:100 Objeto:Arco de Cazador
08/12/2013 07:50:42 p.m. Transportó a gs hacia Mapa1 X:55 Y:46
08/12/2013 07:50:52 p.m. Transportó a gs hacia Mapa1 X:46 Y:53
08/12/2013 07:50:52 p.m. Transportó a gs hacia Mapa1 X:39 Y:57
08/12/2013 07:50:52 p.m. Transportó a gs hacia Mapa1 X:34 Y:61
08/12/2013 07:50:54 p.m. Transportó a gs hacia Mapa1 X:34 Y:63
08/12/2013 07:50:58 p.m. Transportó a gs hacia Mapa1 X:39 Y:61
08/12/2013 07:50:59 p.m. Transportó a gs hacia Mapa1 X:45 Y:58
08/12/2013 07:50:59 p.m. Transportó a gs hacia Mapa1 X:51 Y:54
08/12/2013 07:50:59 p.m. Transportó a gs hacia Mapa1 X:56 Y:50
08/12/2013 07:57:13 p.m. Se conecto con ip:127.0.0.1
08/12/2013 07:57:35 p.m. /INVISIBLE
08/12/2013 08:11:11 p.m. Se conecto con ip:127.0.0.1
08/12/2013 08:11:25 p.m. Se conecto con ip:127.0.0.1
08/12/2013 08:11:33 p.m. /INVISIBLE
08/12/2013 08:27:28 p.m. Se conecto con ip:127.0.0.1
08/12/2013 08:27:36 p.m. Transportó a gs hacia Mapa1 X:78 Y:42
08/12/2013 08:27:36 p.m. Transportó a gs hacia Mapa1 X:83 Y:31
08/12/2013 08:27:44 p.m. Transportó a gs hacia Mapa1 X:50 Y:50
08/12/2013 08:27:50 p.m. Sumoneó a Araña Gigante en mapa 1
08/12/2013 08:36:30 p.m. Se conecto con ip:127.0.0.1
08/12/2013 08:37:43 p.m. Se conecto con ip:127.0.0.1
08/12/2013 08:37:55 p.m. Sumoneó a Araña Gigante en mapa 1
08/12/2013 08:39:07 p.m. Se conecto con ip:127.0.0.1
08/12/2013 08:39:31 p.m. Se conecto con ip:127.0.0.1
08/12/2013 08:39:46 p.m. Se conecto con ip:127.0.0.1
08/12/2013 08:39:47 p.m. Transportó a gs hacia Mapa1 X:57 Y:47
08/12/2013 08:39:47 p.m. Transportó a gs hacia Mapa1 X:60 Y:45
08/12/2013 08:39:56 p.m. Transportó a gs hacia Mapa1 X:45 Y:33
08/12/2013 08:39:56 p.m. Transportó a gs hacia Mapa1 X:33 Y:19
08/12/2013 08:39:56 p.m. Transportó a gs hacia Mapa1 X:32 Y:21
08/12/2013 08:39:56 p.m. Transportó a gs hacia Mapa1 X:14 Y:8
08/12/2013 08:43:15 p.m. Se conecto con ip:127.0.0.1
08/12/2013 08:43:16 p.m. Transportó a gs hacia Mapa1 X:17 Y:12
08/12/2013 08:43:17 p.m. Transportó a gs hacia Mapa1 X:19 Y:14
08/12/2013 08:43:17 p.m. Transportó a gs hacia Mapa1 X:22 Y:17
08/12/2013 08:43:17 p.m. Transportó a gs hacia Mapa1 X:21 Y:21
08/12/2013 08:43:17 p.m. Transportó a gs hacia Mapa1 X:19 Y:25
08/12/2013 08:43:18 p.m. Transportó a gs hacia Mapa1 X:20 Y:30
08/12/2013 08:43:18 p.m. Transportó a gs hacia Mapa1 X:19 Y:26
08/12/2013 08:43:18 p.m. Transportó a gs hacia Mapa1 X:18 Y:21
08/12/2013 08:43:18 p.m. Transportó a gs hacia Mapa1 X:10 Y:22
08/12/2013 08:43:19 p.m. Utilizó un teleport hacia el mapa 8 (91,21)
08/12/2013 08:43:19 p.m. Transportó a gs hacia Mapa8 X:86 Y:20
08/12/2013 08:43:19 p.m. Transportó a gs hacia Mapa8 X:85 Y:16
08/12/2013 08:43:20 p.m. Transportó a gs hacia Mapa8 X:85 Y:11
08/12/2013 08:43:20 p.m. Transportó a gs hacia Mapa8 X:83 Y:8
08/12/2013 08:43:20 p.m. Utilizó un teleport hacia el mapa 74 (83,93)
08/12/2013 08:43:20 p.m. Transportó a gs hacia Mapa74 X:77 Y:91
08/12/2013 08:43:20 p.m. Transportó a gs hacia Mapa74 X:72 Y:87
08/12/2013 08:43:20 p.m. Transportó a gs hacia Mapa74 X:67 Y:83
08/12/2013 08:43:21 p.m. Transportó a gs hacia Mapa74 X:63 Y:79
08/12/2013 08:43:21 p.m. Transportó a gs hacia Mapa74 X:60 Y:75
08/12/2013 08:43:21 p.m. Transportó a gs hacia Mapa74 X:57 Y:71
08/12/2013 08:43:21 p.m. Transportó a gs hacia Mapa74 X:51 Y:68
08/12/2013 08:44:31 p.m. Se conecto con ip:127.0.0.1
08/12/2013 08:44:33 p.m. Transportó a gs hacia Mapa74 X:48 Y:65
08/12/2013 08:44:33 p.m. Transportó a gs hacia Mapa74 X:48 Y:59
08/12/2013 08:44:34 p.m. Transportó a gs hacia Mapa74 X:48 Y:53
08/12/2013 08:44:34 p.m. Transportó a gs hacia Mapa74 X:46 Y:49
08/12/2013 08:44:34 p.m. Transportó a gs hacia Mapa74 X:43 Y:43
08/12/2013 08:44:35 p.m. Transportó a gs hacia Mapa74 X:44 Y:38
08/12/2013 08:44:35 p.m. Transportó a gs hacia Mapa74 X:49 Y:40
08/12/2013 08:44:45 p.m. Transportó a gs hacia Mapa74 X:46 Y:32
08/12/2013 08:44:45 p.m. Transportó a gs hacia Mapa74 X:46 Y:27
08/12/2013 08:44:45 p.m. Transportó a gs hacia Mapa74 X:43 Y:24
08/12/2013 08:47:23 p.m. Se conecto con ip:127.0.0.1
08/12/2013 08:47:24 p.m. Transportó a gs hacia Mapa74 X:44 Y:19
08/12/2013 08:47:25 p.m. Transportó a gs hacia Mapa74 X:41 Y:16
08/12/2013 08:47:28 p.m. Sumoneó a Araña Gigante en mapa 74
08/12/2013 08:47:56 p.m. Utilizó un teleport hacia el mapa 73 (44,93)
08/12/2013 08:47:56 p.m. Transportó a gs hacia Mapa74 X:44 Y:7
08/12/2013 08:47:56 p.m. Transportó a gs hacia Mapa73 X:47 Y:90
08/12/2013 08:47:56 p.m. Transportó a gs hacia Mapa73 X:48 Y:85
08/12/2013 08:47:57 p.m. Transportó a gs hacia Mapa73 X:48 Y:81
08/12/2013 08:47:57 p.m. Transportó a gs hacia Mapa73 X:48 Y:75
09/12/2013 11:58:30 a.m. Se conecto con ip:127.0.0.1
09/12/2013 11:58:31 a.m. Transportó a gs hacia Mapa73 X:47 Y:73
09/12/2013 11:58:32 a.m. Transportó a gs hacia Mapa73 X:45 Y:71
09/12/2013 11:58:36 a.m. /INVISIBLE
09/12/2013 11:58:45 a.m. Transportó a gs hacia Mapa73 X:34 Y:61
09/12/2013 11:59:30 a.m. Agarro:1 Objeto:Escudo de Tortuga
09/12/2013 11:59:41 a.m. Transportó a gs hacia Mapa73 X:41 Y:49
09/12/2013 11:59:41 a.m. Transportó a gs hacia Mapa73 X:41 Y:53
09/12/2013 11:59:51 a.m. Transportó a gs hacia Mapa73 X:15 Y:71
09/12/2013 11:59:52 a.m. Transportó a gs hacia Mapa73 X:14 Y:78
09/12/2013 11:59:52 a.m. Transportó a gs hacia Mapa73 X:16 Y:84
09/12/2013 11:59:52 a.m. Transportó a gs hacia Mapa73 X:18 Y:82
09/12/2013 12:00:36 p.m. Sumoneó a Araña Gigante en mapa 73
09/12/2013 12:49:59 p.m. Se conecto con ip:127.0.0.1
09/12/2013 12:50:40 p.m. Tiró cantidad:10000 Objeto:Monedas de Oro
09/12/2013 12:50:40 p.m. Tiró cantidad:10000 Objeto:Monedas de Oro
09/12/2013 12:50:40 p.m. Tiró cantidad:10000 Objeto:Monedas de Oro
09/12/2013 12:50:40 p.m. Tiró cantidad:10000 Objeto:Monedas de Oro
09/12/2013 12:50:40 p.m. Tiró cantidad:10000 Objeto:Monedas de Oro
09/12/2013 12:50:41 p.m. Tiró cantidad:10000 Objeto:Monedas de Oro
09/12/2013 12:50:41 p.m. Tiró cantidad:10000 Objeto:Monedas de Oro
09/12/2013 12:50:41 p.m. Tiró cantidad:10000 Objeto:Monedas de Oro
09/12/2013 12:50:41 p.m. Tiró cantidad:10000 Objeto:Monedas de Oro
09/12/2013 12:50:42 p.m. Tiró cantidad:10000 Objeto:Monedas de Oro
09/12/2013 12:50:42 p.m. Tiró cantidad:10000 Objeto:Monedas de Oro
09/12/2013 12:50:42 p.m. Tiró cantidad:10000 Objeto:Monedas de Oro
09/12/2013 12:50:43 p.m. Tiró cantidad:10000 Objeto:Monedas de Oro
09/12/2013 12:50:43 p.m. Tiró cantidad:10000 Objeto:Monedas de Oro
09/12/2013 12:50:53 p.m. Transportó a gs hacia Mapa73 X:19 Y:75
09/12/2013 12:50:54 p.m. Sumoneó a Banquero en mapa 73
09/12/2013 12:51:15 p.m. Se conecto con ip:127.0.0.1
09/12/2013 12:51:34 p.m. /INVISIBLE
09/12/2013 12:52:08 p.m. Tiró cantidad:1 Objeto:Mayal Triple
09/12/2013 12:52:08 p.m. Tiró cantidad:1 Objeto:Túnica Azul
09/12/2013 12:52:31 p.m. Tiró cantidad:100 Objeto:Odre Vacía
09/12/2013 12:52:39 p.m. Transportó a gs hacia Mapa73 X:24 Y:79
09/12/2013 12:52:39 p.m. Transportó a gs hacia Mapa73 X:27 Y:80
09/12/2013 12:52:40 p.m. Transportó a gs hacia Mapa73 X:30 Y:81
09/12/2013 12:52:40 p.m. Transportó a gs hacia Mapa73 X:33 Y:82
09/12/2013 12:52:40 p.m. Transportó a gs hacia Mapa73 X:37 Y:85
09/12/2013 12:52:40 p.m. Transportó a gs hacia Mapa73 X:41 Y:89
09/12/2013 12:52:42 p.m. Utilizó un teleport hacia el mapa 74 (46,8)
09/12/2013 12:52:42 p.m. Transportó a gs hacia Mapa73 X:46 Y:94
09/12/2013 12:52:43 p.m. Utilizó un teleport hacia el mapa 73 (46,93)
09/12/2013 12:52:43 p.m. Transportó a gs hacia Mapa73 X:45 Y:89
09/12/2013 12:52:43 p.m. Transportó a gs hacia Mapa73 X:43 Y:82
09/12/2013 12:52:43 p.m. Transportó a gs hacia Mapa73 X:42 Y:76
09/12/2013 12:52:44 p.m. Transportó a gs hacia Mapa73 X:36 Y:72
09/12/2013 12:52:44 p.m. Transportó a gs hacia Mapa73 X:31 Y:69
09/12/2013 12:52:45 p.m. Transportó a gs hacia Mapa73 X:26 Y:64
09/12/2013 12:52:45 p.m. Transportó a gs hacia Mapa73 X:26 Y:62
09/12/2013 12:53:08 p.m. Sumoneó a Gran Dragón Rojo en mapa 73
09/12/2013 12:53:31 p.m. Transportó a gs hacia Mapa73 X:20 Y:57
