09/12/2013 12:55:22 p.m. Se conecto con ip:127.0.0.1
09/12/2013 12:55:27 p.m. /INVISIBLE
09/12/2013 12:55:28 p.m. Transportó a SHAK hacia Mapa73 X:25 Y:71
09/12/2013 12:55:28 p.m. Transportó a SHAK hacia Mapa73 X:27 Y:65
09/12/2013 12:55:34 p.m. Transportó a SHAK hacia Mapa73 X:29 Y:71
09/12/2013 12:55:35 p.m. Transportó a SHAK hacia Mapa73 X:27 Y:68
09/12/2013 12:55:35 p.m. Transportó a SHAK hacia Mapa73 X:27 Y:64
09/12/2013 12:55:35 p.m. Transportó a SHAK hacia Mapa73 X:30 Y:68
09/12/2013 12:55:36 p.m. Transportó a SHAK hacia Mapa73 X:33 Y:72
09/12/2013 12:55:36 p.m. Transportó a SHAK hacia Mapa73 X:31 Y:75
09/12/2013 12:55:36 p.m. Transportó a SHAK hacia Mapa73 X:27 Y:77
09/12/2013 12:55:44 p.m. Tiró cantidad:199 Objeto:Invocar Elemental de Agua
09/12/2013 12:55:45 p.m. Tiró cantidad:99 Objeto:Invocar Elemental de Fuego
09/12/2013 12:55:46 p.m. Tiró cantidad:10000 Objeto:Minerales de Oro
09/12/2013 12:55:47 p.m. Tiró cantidad:82 Objeto:Flecha +1
09/12/2013 12:55:48 p.m. Tiró cantidad:36 Objeto:Flecha +3
09/12/2013 12:55:49 p.m. Tiró cantidad:73 Objeto:Flecha +2
09/12/2013 12:55:54 p.m. Tiró cantidad:10000 Objeto:Minerales de Oro
09/12/2013 12:55:55 p.m. Tiró cantidad:10000 Objeto:Minerales de Plata
09/12/2013 12:56:03 p.m. /MASSDEST
09/12/2013 12:56:06 p.m. /MASSKILL
09/12/2013 12:56:07 p.m. Transportó a SHAK hacia Mapa73 X:28 Y:73
09/12/2013 12:56:07 p.m. Transportó a SHAK hacia Mapa73 X:32 Y:69
09/12/2013 12:56:07 p.m. Transportó a SHAK hacia Mapa73 X:36 Y:65
09/12/2013 12:56:32 p.m. Transportó a SHAK hacia Mapa73 X:42 Y:65
09/12/2013 12:56:32 p.m. Transportó a SHAK hacia Mapa73 X:47 Y:68
09/12/2013 12:56:33 p.m. Transportó a SHAK hacia Mapa73 X:49 Y:72
09/12/2013 12:56:33 p.m. Transportó a SHAK hacia Mapa73 X:51 Y:77
09/12/2013 12:56:33 p.m. Transportó a SHAK hacia Mapa73 X:54 Y:81
09/12/2013 12:56:33 p.m. Transportó a SHAK hacia Mapa73 X:57 Y:84
09/12/2013 12:56:33 p.m. Transportó a SHAK hacia Mapa73 X:60 Y:87
09/12/2013 12:56:33 p.m. Transportó a SHAK hacia Mapa73 X:65 Y:89
09/12/2013 12:56:36 p.m. Transportó a SHAK hacia Mapa1 X:50 Y:50
09/12/2013 12:56:37 p.m. Transportó a SHAK hacia Mapa1 X:54 Y:53
09/12/2013 12:56:37 p.m. Transportó a SHAK hacia Mapa1 X:54 Y:48
09/12/2013 12:56:37 p.m. Transportó a SHAK hacia Mapa1 X:58 Y:44
09/12/2013 12:56:53 p.m. Sumoneo Araña Gigante
09/12/2013 12:56:53 p.m. Sumoneo Araña Gigante
09/12/2013 12:56:54 p.m. Sumoneo Escorpión
09/12/2013 12:56:54 p.m. Sumoneo Escorpión
09/12/2013 12:56:54 p.m. Sumoneo Escorpión
09/12/2013 12:56:54 p.m. Sumoneo Duende
09/12/2013 12:56:55 p.m. Sumoneo Duende
09/12/2013 12:56:55 p.m. Sumoneo Duende
09/12/2013 12:56:56 p.m. Sumoneo Zombie
09/12/2013 12:56:57 p.m. Sumoneo Zombie
09/12/2013 12:56:57 p.m. Sumoneo Zombie
09/12/2013 12:56:57 p.m. Sumoneo Gallo Salvaje
09/12/2013 12:56:57 p.m. Sumoneo Gallo Salvaje
09/12/2013 12:56:57 p.m. Sumoneo Gallo Salvaje
09/12/2013 12:56:58 p.m. Sumoneo Murciélago
09/12/2013 12:56:58 p.m. Sumoneo Murciélago
09/12/2013 12:56:58 p.m. Sumoneo Murciélago
09/12/2013 12:56:58 p.m. Sumoneo Murciélago
09/12/2013 12:56:59 p.m. Transportó a SHAK hacia Mapa1 X:61 Y:46
09/12/2013 12:57:03 p.m. Sumoneó a Gran Dragón Rojo en mapa 1
09/12/2013 12:57:13 p.m. Transportó a SHAK hacia Mapa1 X:58 Y:47
09/12/2013 12:57:55 p.m. /MASSDEST
09/12/2013 12:57:58 p.m. /MASSKILL
09/12/2013 12:59:09 p.m. Se conecto con ip:127.0.0.1
09/12/2013 12:59:25 p.m. Transportó a SHAK hacia Mapa1 X:59 Y:46
09/12/2013 12:59:25 p.m. Transportó a SHAK hacia Mapa1 X:60 Y:47
09/12/2013 12:59:25 p.m. Transportó a SHAK hacia Mapa1 X:60 Y:49
09/12/2013 12:59:26 p.m. Transportó a SHAK hacia Mapa1 X:59 Y:47
09/12/2013 12:59:27 p.m. Transportó a SHAK hacia Mapa1 X:58 Y:46
09/12/2013 12:59:53 p.m. Sumoneó a Araña Gigante en mapa 1
09/12/2013 01:00:00 p.m. Transportó a SHAK hacia Mapa1 X:55 Y:48
09/12/2013 01:00:00 p.m. Transportó a SHAK hacia Mapa1 X:56 Y:46
09/12/2013 01:00:15 p.m. Transportó a SHAK hacia Mapa1 X:61 Y:45
09/12/2013 01:00:16 p.m. Transportó a SHAK hacia Mapa1 X:66 Y:41
09/12/2013 01:00:17 p.m. Transportó a SHAK hacia Mapa1 X:73 Y:37
09/12/2013 01:00:18 p.m. Transportó a SHAK hacia Mapa1 X:68 Y:42
09/12/2013 01:00:18 p.m. Transportó a SHAK hacia Mapa1 X:62 Y:47
09/12/2013 01:00:18 p.m. Transportó a SHAK hacia Mapa1 X:59 Y:50
09/12/2013 01:00:19 p.m. Transportó a SHAK hacia Mapa1 X:60 Y:48
09/12/2013 01:00:30 p.m. /MATA 
09/12/2013 01:00:35 p.m. /MATA 
09/12/2013 01:00:49 p.m. Transportó a SHAK hacia Mapa1 X:58 Y:49
09/12/2013 01:00:52 p.m. Transportó a SHAK hacia Mapa1 X:58 Y:44
23/12/2016 08:39:52 p.m. Se conecto con ip:127.0.0.1
23/12/2016 08:40:39 p.m. Se conecto con ip:127.0.0.1
23/12/2016 08:40:44 p.m. Se conecto con ip:127.0.0.1
23/12/2016 08:41:59 p.m. Se conecto con ip:127.0.0.1
23/12/2016 08:42:01 p.m. Transportó a shak hacia Mapa1 X:58 Y:46
23/12/2016 08:42:03 p.m. /INVISIBLE
23/12/2016 08:42:03 p.m. Transportó a shak hacia Mapa1 X:57 Y:49
23/12/2016 08:42:04 p.m. Transportó a shak hacia Mapa1 X:58 Y:46
23/12/2016 08:42:08 p.m. Transportó a shak hacia Mapa1 X:59 Y:45
23/12/2016 08:42:08 p.m. Transportó a shak hacia Mapa1 X:60 Y:43
23/12/2016 08:42:08 p.m. Transportó a shak hacia Mapa1 X:59 Y:45
23/12/2016 08:42:09 p.m. Transportó a shak hacia Mapa1 X:58 Y:49
23/12/2016 08:42:09 p.m. Transportó a shak hacia Mapa1 X:59 Y:53
23/12/2016 08:42:10 p.m. Transportó a shak hacia Mapa1 X:64 Y:54
23/12/2016 08:42:10 p.m. Transportó a shak hacia Mapa1 X:68 Y:54
23/12/2016 08:42:11 p.m. Transportó a shak hacia Mapa1 X:67 Y:57
23/12/2016 08:42:11 p.m. Transportó a shak hacia Mapa1 X:65 Y:62
23/12/2016 08:42:11 p.m. Transportó a shak hacia Mapa1 X:64 Y:68
23/12/2016 08:42:11 p.m. Transportó a shak hacia Mapa1 X:71 Y:65
23/12/2016 08:42:11 p.m. Transportó a shak hacia Mapa1 X:76 Y:62
23/12/2016 08:42:13 p.m. Transportó a shak hacia Mapa1 X:77 Y:58
23/12/2016 08:42:13 p.m. Transportó a shak hacia Mapa1 X:77 Y:56
23/12/2016 08:42:14 p.m. Transportó a shak hacia Mapa1 X:77 Y:53
23/12/2016 08:42:15 p.m. Transportó a shak hacia Mapa1 X:74 Y:48
23/12/2016 08:42:15 p.m. Transportó a shak hacia Mapa1 X:73 Y:45
23/12/2016 08:42:15 p.m. Transportó a shak hacia Mapa1 X:73 Y:43
23/12/2016 08:42:16 p.m. Transportó a shak hacia Mapa1 X:76 Y:39
23/12/2016 08:42:16 p.m. Transportó a shak hacia Mapa1 X:76 Y:36
23/12/2016 08:42:16 p.m. Transportó a shak hacia Mapa1 X:73 Y:36
23/12/2016 08:42:17 p.m. Transportó a shak hacia Mapa1 X:68 Y:39
23/12/2016 08:42:18 p.m. Transportó a shak hacia Mapa1 X:64 Y:42
23/12/2016 08:42:18 p.m. Transportó a shak hacia Mapa1 X:60 Y:46
23/12/2016 08:42:18 p.m. Transportó a shak hacia Mapa1 X:56 Y:46
23/12/2016 08:42:19 p.m. Transportó a shak hacia Mapa1 X:53 Y:48
23/12/2016 08:42:19 p.m. Transportó a shak hacia Mapa1 X:50 Y:51
23/12/2016 08:42:19 p.m. Transportó a shak hacia Mapa1 X:49 Y:54
23/12/2016 08:42:19 p.m. Transportó a shak hacia Mapa1 X:54 Y:55
23/12/2016 08:42:19 p.m. Transportó a shak hacia Mapa1 X:58 Y:51
23/12/2016 08:42:46 p.m. Se conecto con ip:127.0.0.1
23/12/2016 08:43:01 p.m. Se conecto con ip:127.0.0.1
23/12/2016 08:44:03 p.m. Se conecto con ip:127.0.0.1
23/12/2016 08:44:05 p.m. Transportó a shak hacia Mapa1 X:59 Y:45
23/12/2016 08:44:05 p.m. Transportó a shak hacia Mapa1 X:58 Y:44
23/12/2016 08:44:15 p.m. Transportó a shak hacia Mapa1 X:58 Y:41
23/12/2016 08:44:15 p.m. Transportó a shak hacia Mapa1 X:59 Y:40
23/12/2016 08:44:16 p.m. Transportó a shak hacia Mapa1 X:59 Y:43
23/12/2016 08:44:16 p.m. Transportó a shak hacia Mapa1 X:61 Y:47
23/12/2016 08:44:18 p.m. Transportó a shak hacia Mapa1 X:58 Y:46
23/12/2016 08:44:18 p.m. Transportó a shak hacia Mapa1 X:58 Y:49
23/12/2016 08:50:53 p.m. Se conecto con ip:127.0.0.1
23/12/2016 08:51:05 p.m. Transportó a shak hacia Mapa66 X:75 Y:58
23/12/2016 08:51:05 p.m. Transportó a shak hacia Mapa66 X:74 Y:54
23/12/2016 08:51:05 p.m. Transportó a shak hacia Mapa66 X:74 Y:49
23/12/2016 08:51:05 p.m. Transportó a shak hacia Mapa66 X:74 Y:61
23/12/2016 08:52:44 p.m. Se conecto con ip:127.0.0.1
23/12/2016 08:52:47 p.m. Transportó a shak hacia Mapa66 X:75 Y:59
23/12/2016 08:52:47 p.m. Transportó a shak hacia Mapa66 X:76 Y:61
23/12/2016 08:52:47 p.m. Transportó a shak hacia Mapa66 X:77 Y:57
23/12/2016 08:55:48 p.m. Se conecto con ip:127.0.0.1
23/12/2016 08:55:51 p.m. Transportó a shak hacia Mapa66 X:74 Y:60
23/12/2016 08:55:52 p.m. Transportó a shak hacia Mapa66 X:74 Y:57
23/12/2016 08:55:52 p.m. Transportó a shak hacia Mapa66 X:74 Y:53
23/12/2016 08:55:54 p.m. /INVISIBLE
23/12/2016 08:55:54 p.m. Transportó a shak hacia Mapa66 X:73 Y:54
23/12/2016 08:55:54 p.m. Transportó a shak hacia Mapa66 X:73 Y:56
23/12/2016 08:55:55 p.m. Transportó a shak hacia Mapa66 X:74 Y:61
23/12/2016 08:55:55 p.m. Transportó a shak hacia Mapa66 X:76 Y:65
23/12/2016 08:56:24 p.m.  encarceló a jorge
23/12/2016 08:59:07 p.m. Se conecto con ip:127.0.0.1
23/12/2016 08:59:09 p.m. Transportó a shak hacia Mapa66 X:76 Y:77
23/12/2016 08:59:10 p.m. Transportó a shak hacia Mapa66 X:76 Y:73
23/12/2016 08:59:10 p.m. Transportó a shak hacia Mapa66 X:74 Y:71
23/12/2016 08:59:10 p.m. Transportó a shak hacia Mapa66 X:75 Y:67
23/12/2016 08:59:10 p.m. Transportó a shak hacia Mapa66 X:78 Y:64
23/12/2016 08:59:32 p.m.  encarceló a jorge
23/12/2016 09:23:25 p.m. Se conecto con ip:127.0.0.1
23/12/2016 09:23:34 p.m. Se conecto con ip:127.0.0.1
23/12/2016 09:23:36 p.m. Utilizó un teleport hacia el mapa 34 (44,88)
23/12/2016 09:23:36 p.m. Transportó a shak hacia Mapa286 X:41 Y:62
23/12/2016 09:23:37 p.m. Transportó a shak hacia Mapa34 X:43 Y:84
23/12/2016 09:23:37 p.m. Transportó a shak hacia Mapa34 X:42 Y:80
23/12/2016 09:23:37 p.m. Transportó a shak hacia Mapa34 X:39 Y:76
23/12/2016 09:23:37 p.m. Transportó a shak hacia Mapa34 X:36 Y:72
23/12/2016 09:23:37 p.m. Transportó a shak hacia Mapa34 X:32 Y:70
23/12/2016 09:23:37 p.m. Transportó a shak hacia Mapa34 X:28 Y:68
23/12/2016 09:23:38 p.m. Transportó a shak hacia Mapa34 X:25 Y:70
23/12/2016 09:23:40 p.m. /INVISIBLE
23/12/2016 09:23:42 p.m. Transportó a shak hacia Mapa34 X:18 Y:74
23/12/2016 09:23:43 p.m. Transportó a shak hacia Mapa34 X:17 Y:76
23/12/2016 09:23:43 p.m. Transportó a shak hacia Mapa34 X:17 Y:73
23/12/2016 09:23:44 p.m. Transportó a shak hacia Mapa34 X:18 Y:66
23/12/2016 09:23:44 p.m. Transportó a shak hacia Mapa34 X:19 Y:62
23/12/2016 09:23:44 p.m. Transportó a shak hacia Mapa34 X:20 Y:58
23/12/2016 09:23:44 p.m. Transportó a shak hacia Mapa34 X:19 Y:57
23/12/2016 09:23:45 p.m. Transportó a shak hacia Mapa34 X:18 Y:53
23/12/2016 09:23:45 p.m. Transportó a shak hacia Mapa34 X:20 Y:49
23/12/2016 09:23:45 p.m. Transportó a shak hacia Mapa34 X:24 Y:46
23/12/2016 09:23:45 p.m. Transportó a shak hacia Mapa34 X:28 Y:42
23/12/2016 09:23:45 p.m. Transportó a shak hacia Mapa34 X:30 Y:39
23/12/2016 09:23:45 p.m. Transportó a shak hacia Mapa34 X:33 Y:34
23/12/2016 09:23:46 p.m. Transportó a shak hacia Mapa34 X:33 Y:34
23/12/2016 09:23:46 p.m. Transportó a shak hacia Mapa34 X:31 Y:32
23/12/2016 09:23:46 p.m. Transportó a shak hacia Mapa34 X:35 Y:32
23/12/2016 09:23:46 p.m. Transportó a shak hacia Mapa34 X:37 Y:28
23/12/2016 09:23:46 p.m. Transportó a shak hacia Mapa34 X:37 Y:24
23/12/2016 09:23:47 p.m. Transportó a shak hacia Mapa34 X:33 Y:21
23/12/2016 09:23:47 p.m. Transportó a shak hacia Mapa34 X:29 Y:19
23/12/2016 09:23:47 p.m. Transportó a shak hacia Mapa34 X:28 Y:19
23/12/2016 09:23:47 p.m. Transportó a shak hacia Mapa34 X:30 Y:13
23/12/2016 09:23:47 p.m. Transportó a shak hacia Mapa34 X:28 Y:10
23/12/2016 09:23:48 p.m. Transportó a shak hacia Mapa34 X:23 Y:8
23/12/2016 09:23:48 p.m. Transportó a shak hacia Mapa34 X:20 Y:11
23/12/2016 09:23:48 p.m. Transportó a shak hacia Mapa34 X:20 Y:16
23/12/2016 09:23:48 p.m. Transportó a shak hacia Mapa34 X:23 Y:21
23/12/2016 09:23:48 p.m. Transportó a shak hacia Mapa34 X:27 Y:27
23/12/2016 09:23:48 p.m. Transportó a shak hacia Mapa34 X:30 Y:33
23/12/2016 09:23:49 p.m. Transportó a shak hacia Mapa34 X:32 Y:39
23/12/2016 09:23:49 p.m. Transportó a shak hacia Mapa34 X:33 Y:44
23/12/2016 09:23:49 p.m. Transportó a shak hacia Mapa34 X:33 Y:51
23/12/2016 09:23:49 p.m. Transportó a shak hacia Mapa34 X:30 Y:57
23/12/2016 09:23:49 p.m. Transportó a shak hacia Mapa34 X:27 Y:62
23/12/2016 09:23:50 p.m. Transportó a shak hacia Mapa34 X:26 Y:67
23/12/2016 09:23:50 p.m. Transportó a shak hacia Mapa34 X:27 Y:70
23/12/2016 09:26:16 p.m. Se conecto con ip:127.0.0.1
23/12/2016 09:26:17 p.m. Transportó a shak hacia Mapa34 X:25 Y:70
23/12/2016 09:26:17 p.m. Transportó a shak hacia Mapa34 X:23 Y:68
23/12/2016 09:26:17 p.m. Transportó a shak hacia Mapa34 X:21 Y:65
23/12/2016 09:26:18 p.m. Transportó a shak hacia Mapa34 X:22 Y:61
23/12/2016 09:26:18 p.m. Transportó a shak hacia Mapa34 X:25 Y:57
23/12/2016 09:26:18 p.m. Transportó a shak hacia Mapa34 X:29 Y:56
23/12/2016 09:26:18 p.m. Transportó a shak hacia Mapa34 X:37 Y:54
23/12/2016 09:28:26 p.m. Se conecto con ip:127.0.0.1
23/12/2016 09:28:40 p.m. Transportó a shak hacia Mapa34 X:35 Y:54
23/12/2016 09:28:41 p.m. Transportó a shak hacia Mapa34 X:34 Y:57
23/12/2016 09:28:45 p.m. Transportó a shak hacia Mapa34 X:31 Y:63
23/12/2016 09:28:45 p.m. Transportó a shak hacia Mapa34 X:30 Y:68
23/12/2016 09:28:45 p.m. Transportó a shak hacia Mapa34 X:29 Y:74
23/12/2016 09:28:46 p.m. Transportó a shak hacia Mapa34 X:25 Y:78
23/12/2016 09:28:46 p.m. Transportó a shak hacia Mapa34 X:21 Y:77
23/12/2016 09:28:46 p.m. Transportó a shak hacia Mapa34 X:19 Y:72
23/12/2016 09:28:46 p.m. Transportó a shak hacia Mapa34 X:18 Y:66
23/12/2016 09:28:46 p.m. Transportó a shak hacia Mapa34 X:17 Y:62
23/12/2016 09:28:47 p.m. Transportó a shak hacia Mapa34 X:20 Y:57
23/12/2016 09:28:47 p.m. Transportó a shak hacia Mapa34 X:24 Y:52
23/12/2016 09:28:47 p.m. Transportó a shak hacia Mapa34 X:29 Y:47
23/12/2016 09:28:47 p.m. Transportó a shak hacia Mapa34 X:32 Y:43
23/12/2016 09:28:47 p.m. Transportó a shak hacia Mapa34 X:33 Y:38
23/12/2016 09:28:48 p.m. Transportó a shak hacia Mapa34 X:35 Y:33
23/12/2016 09:28:48 p.m. Transportó a shak hacia Mapa34 X:36 Y:27
23/12/2016 09:28:48 p.m. Transportó a shak hacia Mapa34 X:35 Y:21
23/12/2016 09:28:48 p.m. Transportó a shak hacia Mapa34 X:34 Y:15
23/12/2016 09:28:48 p.m. Transportó a shak hacia Mapa34 X:34 Y:10
23/12/2016 09:28:49 p.m. Utilizó un teleport hacia el mapa 35 (34,93)
23/12/2016 09:28:50 p.m. Transportó a shak hacia Mapa35 X:30 Y:86
23/12/2016 09:28:50 p.m. Transportó a shak hacia Mapa35 X:31 Y:81
23/12/2016 09:28:50 p.m. Transportó a shak hacia Mapa35 X:25 Y:77
23/12/2016 09:28:50 p.m. Transportó a shak hacia Mapa35 X:19 Y:76
23/12/2016 09:28:51 p.m. Transportó a shak hacia Mapa35 X:15 Y:76
23/12/2016 09:29:10 p.m. Se conecto con ip:127.0.0.1
23/12/2016 09:29:13 p.m. Transportó a shak hacia Mapa35 X:18 Y:81
28/12/2016 05:40:50 p.m. Se conecto con ip:127.0.0.1
28/12/2016 05:40:54 p.m. /INVISIBLE
28/12/2016 05:40:57 p.m. Utilizó un teleport hacia el mapa 34 (44,88)
28/12/2016 05:40:57 p.m. Transportó a SHAK hacia Mapa286 X:41 Y:62
28/12/2016 05:40:58 p.m. Transportó a SHAK hacia Mapa34 X:40 Y:85
28/12/2016 05:40:58 p.m. Transportó a SHAK hacia Mapa34 X:37 Y:83
28/12/2016 05:40:58 p.m. Transportó a SHAK hacia Mapa34 X:34 Y:81
28/12/2016 05:40:58 p.m. Transportó a SHAK hacia Mapa34 X:31 Y:79
28/12/2016 05:40:59 p.m. Transportó a SHAK hacia Mapa34 X:28 Y:75
28/12/2016 05:40:59 p.m. Transportó a SHAK hacia Mapa34 X:25 Y:73
28/12/2016 05:41:05 p.m. Transportó a SHAK hacia Mapa34 X:23 Y:70
28/12/2016 05:41:05 p.m. Transportó a SHAK hacia Mapa34 X:28 Y:71
28/12/2016 05:41:05 p.m. Transportó a SHAK hacia Mapa34 X:34 Y:71
28/12/2016 05:41:05 p.m. Transportó a SHAK hacia Mapa34 X:37 Y:68
28/12/2016 05:41:05 p.m. Transportó a SHAK hacia Mapa34 X:38 Y:64
28/12/2016 05:41:06 p.m. Transportó a SHAK hacia Mapa34 X:40 Y:60
28/12/2016 05:41:06 p.m. Transportó a SHAK hacia Mapa34 X:38 Y:56
28/12/2016 05:41:07 p.m. Transportó a SHAK hacia Mapa34 X:37 Y:50
28/12/2016 05:41:07 p.m. Transportó a SHAK hacia Mapa34 X:36 Y:45
28/12/2016 05:41:07 p.m. Transportó a SHAK hacia Mapa34 X:33 Y:41
28/12/2016 05:41:07 p.m. Transportó a SHAK hacia Mapa34 X:32 Y:37
28/12/2016 05:41:07 p.m. Transportó a SHAK hacia Mapa34 X:31 Y:32
28/12/2016 05:41:07 p.m. Transportó a SHAK hacia Mapa34 X:30 Y:27
28/12/2016 05:41:08 p.m. Transportó a SHAK hacia Mapa34 X:32 Y:22
28/12/2016 05:41:08 p.m. Transportó a SHAK hacia Mapa34 X:32 Y:18
28/12/2016 05:41:08 p.m. Transportó a SHAK hacia Mapa34 X:34 Y:14
28/12/2016 05:41:10 p.m. Utilizó un teleport hacia el mapa 35 (34,93)
28/12/2016 05:41:11 p.m. Transportó a SHAK hacia Mapa35 X:35 Y:87
28/12/2016 05:41:11 p.m. Transportó a SHAK hacia Mapa35 X:38 Y:83
28/12/2016 05:41:11 p.m. Transportó a SHAK hacia Mapa35 X:42 Y:79
28/12/2016 05:41:11 p.m. Transportó a SHAK hacia Mapa35 X:47 Y:77
28/12/2016 05:41:11 p.m. Transportó a SHAK hacia Mapa35 X:52 Y:75
28/12/2016 05:41:11 p.m. Transportó a SHAK hacia Mapa35 X:58 Y:74
28/12/2016 05:41:12 p.m. Transportó a SHAK hacia Mapa35 X:64 Y:70
28/12/2016 05:41:12 p.m. Transportó a SHAK hacia Mapa35 X:67 Y:65
28/12/2016 05:41:12 p.m. Transportó a SHAK hacia Mapa35 X:70 Y:63
28/12/2016 05:41:12 p.m. Transportó a SHAK hacia Mapa35 X:73 Y:61
28/12/2016 05:41:12 p.m. Transportó a SHAK hacia Mapa35 X:77 Y:61
28/12/2016 05:41:13 p.m. Transportó a SHAK hacia Mapa35 X:83 Y:61
28/12/2016 05:41:13 p.m. Transportó a SHAK hacia Mapa35 X:89 Y:61
